WARNING - 2023-08-25 03:25:47 --> [DEPRECATED] Creation of dynamic property App\Controllers\Kategori::$kategori is deprecated in APPPATH\Controllers\Kategori.php on line 12.
 1 SYSTEMPATH\CodeIgniter.php(904): App\Controllers\Kategori->__construct()
 2 SYSTEMPATH\CodeIgniter.php(488): CodeIgniter\CodeIgniter->createController()
 3 SYSTEMPATH\CodeIgniter.php(366): CodeIgniter\CodeIgniter->handleRequest(null, Object(Config\Cache), false)
 4 FCPATH\index.php(67): CodeIgniter\CodeIgniter->run()
 5 SYSTEMPATH\Commands\Server\rewrite.php(47): require_once('C:\\aplikasiskripsi\\SIPEBAR\\public\\index.php')
INFO - 2023-08-25 03:25:47 --> Session: Class initialized using 'CodeIgniter\Session\Handlers\FileHandler' driver.
WARNING - 2023-08-25 03:25:51 --> [DEPRECATED] Creation of dynamic property App\Controllers\Satuan::$satuan is deprecated in APPPATH\Controllers\Satuan.php on line 12.
 1 SYSTEMPATH\CodeIgniter.php(904): App\Controllers\Satuan->__construct()
 2 SYSTEMPATH\CodeIgniter.php(488): CodeIgniter\CodeIgniter->createController()
 3 SYSTEMPATH\CodeIgniter.php(366): CodeIgniter\CodeIgniter->handleRequest(null, Object(Config\Cache), false)
 4 FCPATH\index.php(67): CodeIgniter\CodeIgniter->run()
 5 SYSTEMPATH\Commands\Server\rewrite.php(47): require_once('C:\\aplikasiskripsi\\SIPEBAR\\public\\index.php')
INFO - 2023-08-25 03:25:51 --> Session: Class initialized using 'CodeIgniter\Session\Handlers\FileHandler' driver.
WARNING - 2023-08-25 03:26:16 --> [DEPRECATED] Creation of dynamic property App\Controllers\Barang::$barang is deprecated in APPPATH\Controllers\Barang.php on line 13.
 1 SYSTEMPATH\CodeIgniter.php(904): App\Controllers\Barang->__construct()
 2 SYSTEMPATH\CodeIgniter.php(488): CodeIgniter\CodeIgniter->createController()
 3 SYSTEMPATH\CodeIgniter.php(366): CodeIgniter\CodeIgniter->handleRequest(null, Object(Config\Cache), false)
 4 FCPATH\index.php(67): CodeIgniter\CodeIgniter->run()
 5 SYSTEMPATH\Commands\Server\rewrite.php(47): require_once('C:\\aplikasiskripsi\\SIPEBAR\\public\\index.php')
INFO - 2023-08-25 03:26:16 --> Session: Class initialized using 'CodeIgniter\Session\Handlers\FileHandler' driver.
WARNING - 2023-08-25 03:26:17 --> [DEPRECATED] Creation of dynamic property App\Controllers\Barang::$barang is deprecated in APPPATH\Controllers\Barang.php on line 13.
 1 SYSTEMPATH\CodeIgniter.php(904): App\Controllers\Barang->__construct()
 2 SYSTEMPATH\CodeIgniter.php(488): CodeIgniter\CodeIgniter->createController()
 3 SYSTEMPATH\CodeIgniter.php(366): CodeIgniter\CodeIgniter->handleRequest(null, Object(Config\Cache), false)
 4 FCPATH\index.php(67): CodeIgniter\CodeIgniter->run()
 5 SYSTEMPATH\Commands\Server\rewrite.php(47): require_once('C:\\aplikasiskripsi\\SIPEBAR\\public\\index.php')
INFO - 2023-08-25 03:26:18 --> Session: Class initialized using 'CodeIgniter\Session\Handlers\FileHandler' driver.
WARNING - 2023-08-25 03:26:19 --> [DEPRECATED] Creation of dynamic property App\Controllers\Barang::$barang is deprecated in APPPATH\Controllers\Barang.php on line 13.
 1 SYSTEMPATH\CodeIgniter.php(904): App\Controllers\Barang->__construct()
 2 SYSTEMPATH\CodeIgniter.php(488): CodeIgniter\CodeIgniter->createController()
 3 SYSTEMPATH\CodeIgniter.php(366): CodeIgniter\CodeIgniter->handleRequest(null, Object(Config\Cache), false)
 4 FCPATH\index.php(67): CodeIgniter\CodeIgniter->run()
 5 SYSTEMPATH\Commands\Server\rewrite.php(47): require_once('C:\\aplikasiskripsi\\SIPEBAR\\public\\index.php')
INFO - 2023-08-25 03:26:19 --> Session: Class initialized using 'CodeIgniter\Session\Handlers\FileHandler' driver.
