CRITICAL - 2023-08-20 13:58:30 --> The framework needs the following extension(s) installed and loaded: intl.
in SYSTEMPATH\CodeIgniter.php on line 227.
 1 SYSTEMPATH\CodeIgniter.php(227): CodeIgniter\Exceptions\FrameworkException::forMissingExtension('intl')
 2 SYSTEMPATH\CodeIgniter.php(191): CodeIgniter\CodeIgniter->resolvePlatformExtensions()
 3 ROOTPATH\spark(83): CodeIgniter\CodeIgniter->initialize()
WARNING - 2023-08-20 16:01:26 --> [DEPRECATED] Creation of dynamic property App\Controllers\Kategori::$kategoru is deprecated in APPPATH\Controllers\Kategori.php on line 12.
 1 SYSTEMPATH\CodeIgniter.php(904): App\Controllers\Kategori->__construct()
 2 SYSTEMPATH\CodeIgniter.php(488): CodeIgniter\CodeIgniter->createController()
 3 SYSTEMPATH\CodeIgniter.php(366): CodeIgniter\CodeIgniter->handleRequest(null, Object(Config\Cache), false)
 4 FCPATH\index.php(67): CodeIgniter\CodeIgniter->run()
 5 SYSTEMPATH\Commands\Server\rewrite.php(47): require_once('C:\\aplikasiskripsi\\SIPEBAR\\public\\index.php')
CRITICAL - 2023-08-20 16:01:26 --> Undefined property: App\Controllers\Kategori::$kategori
in APPPATH\Controllers\Kategori.php on line 17.
 1 APPPATH\Controllers\Kategori.php(17): CodeIgniter\Debug\Exceptions->errorHandler(2, 'Undefined property: App\\Controllers\\Kategori::$kategori', 'C:\\aplikasiskripsi\\SIPEBAR\\app\\Controllers\\Kategori.php', 17)
 2 SYSTEMPATH\CodeIgniter.php(932): App\Controllers\Kategori->index()
 3 SYSTEMPATH\CodeIgniter.php(497): CodeIgniter\CodeIgniter->runController(Object(App\Controllers\Kategori))
 4 SYSTEMPATH\CodeIgniter.php(366): CodeIgniter\CodeIgniter->handleRequest(null, Object(Config\Cache), false)
 5 FCPATH\index.php(67): CodeIgniter\CodeIgniter->run()
 6 SYSTEMPATH\Commands\Server\rewrite.php(47): require_once('C:\\aplikasiskripsi\\SIPEBAR\\public\\index.php')
WARNING - 2023-08-20 16:02:13 --> [DEPRECATED] Creation of dynamic property App\Controllers\Kategori::$kategoru is deprecated in APPPATH\Controllers\Kategori.php on line 12.
 1 SYSTEMPATH\CodeIgniter.php(904): App\Controllers\Kategori->__construct()
 2 SYSTEMPATH\CodeIgniter.php(488): CodeIgniter\CodeIgniter->createController()
 3 SYSTEMPATH\CodeIgniter.php(366): CodeIgniter\CodeIgniter->handleRequest(null, Object(Config\Cache), false)
 4 FCPATH\index.php(67): CodeIgniter\CodeIgniter->run()
 5 SYSTEMPATH\Commands\Server\rewrite.php(47): require_once('C:\\aplikasiskripsi\\SIPEBAR\\public\\index.php')
CRITICAL - 2023-08-20 16:02:13 --> Undefined property: App\Controllers\Kategori::$Kategori
in APPPATH\Controllers\Kategori.php on line 17.
 1 APPPATH\Controllers\Kategori.php(17): CodeIgniter\Debug\Exceptions->errorHandler(2, 'Undefined property: App\\Controllers\\Kategori::$Kategori', 'C:\\aplikasiskripsi\\SIPEBAR\\app\\Controllers\\Kategori.php', 17)
 2 SYSTEMPATH\CodeIgniter.php(932): App\Controllers\Kategori->index()
 3 SYSTEMPATH\CodeIgniter.php(497): CodeIgniter\CodeIgniter->runController(Object(App\Controllers\Kategori))
 4 SYSTEMPATH\CodeIgniter.php(366): CodeIgniter\CodeIgniter->handleRequest(null, Object(Config\Cache), false)
 5 FCPATH\index.php(67): CodeIgniter\CodeIgniter->run()
 6 SYSTEMPATH\Commands\Server\rewrite.php(47): require_once('C:\\aplikasiskripsi\\SIPEBAR\\public\\index.php')
WARNING - 2023-08-20 16:03:24 --> [DEPRECATED] Creation of dynamic property App\Controllers\Kategori::$kategori is deprecated in APPPATH\Controllers\Kategori.php on line 12.
 1 SYSTEMPATH\CodeIgniter.php(904): App\Controllers\Kategori->__construct()
 2 SYSTEMPATH\CodeIgniter.php(488): CodeIgniter\CodeIgniter->createController()
 3 SYSTEMPATH\CodeIgniter.php(366): CodeIgniter\CodeIgniter->handleRequest(null, Object(Config\Cache), false)
 4 FCPATH\index.php(67): CodeIgniter\CodeIgniter->run()
 5 SYSTEMPATH\Commands\Server\rewrite.php(47): require_once('C:\\aplikasiskripsi\\SIPEBAR\\public\\index.php')
CRITICAL - 2023-08-20 16:03:24 --> Undefined property: App\Controllers\Kategori::$Kategori
in APPPATH\Controllers\Kategori.php on line 17.
 1 APPPATH\Controllers\Kategori.php(17): CodeIgniter\Debug\Exceptions->errorHandler(2, 'Undefined property: App\\Controllers\\Kategori::$Kategori', 'C:\\aplikasiskripsi\\SIPEBAR\\app\\Controllers\\Kategori.php', 17)
 2 SYSTEMPATH\CodeIgniter.php(932): App\Controllers\Kategori->index()
 3 SYSTEMPATH\CodeIgniter.php(497): CodeIgniter\CodeIgniter->runController(Object(App\Controllers\Kategori))
 4 SYSTEMPATH\CodeIgniter.php(366): CodeIgniter\CodeIgniter->handleRequest(null, Object(Config\Cache), false)
 5 FCPATH\index.php(67): CodeIgniter\CodeIgniter->run()
 6 SYSTEMPATH\Commands\Server\rewrite.php(47): require_once('C:\\aplikasiskripsi\\SIPEBAR\\public\\index.php')
WARNING - 2023-08-20 16:03:25 --> [DEPRECATED] Creation of dynamic property App\Controllers\Kategori::$kategori is deprecated in APPPATH\Controllers\Kategori.php on line 12.
 1 SYSTEMPATH\CodeIgniter.php(904): App\Controllers\Kategori->__construct()
 2 SYSTEMPATH\CodeIgniter.php(488): CodeIgniter\CodeIgniter->createController()
 3 SYSTEMPATH\CodeIgniter.php(366): CodeIgniter\CodeIgniter->handleRequest(null, Object(Config\Cache), false)
 4 FCPATH\index.php(67): CodeIgniter\CodeIgniter->run()
 5 SYSTEMPATH\Commands\Server\rewrite.php(47): require_once('C:\\aplikasiskripsi\\SIPEBAR\\public\\index.php')
CRITICAL - 2023-08-20 16:03:25 --> Undefined property: App\Controllers\Kategori::$Kategori
in APPPATH\Controllers\Kategori.php on line 17.
 1 APPPATH\Controllers\Kategori.php(17): CodeIgniter\Debug\Exceptions->errorHandler(2, 'Undefined property: App\\Controllers\\Kategori::$Kategori', 'C:\\aplikasiskripsi\\SIPEBAR\\app\\Controllers\\Kategori.php', 17)
 2 SYSTEMPATH\CodeIgniter.php(932): App\Controllers\Kategori->index()
 3 SYSTEMPATH\CodeIgniter.php(497): CodeIgniter\CodeIgniter->runController(Object(App\Controllers\Kategori))
 4 SYSTEMPATH\CodeIgniter.php(366): CodeIgniter\CodeIgniter->handleRequest(null, Object(Config\Cache), false)
 5 FCPATH\index.php(67): CodeIgniter\CodeIgniter->run()
 6 SYSTEMPATH\Commands\Server\rewrite.php(47): require_once('C:\\aplikasiskripsi\\SIPEBAR\\public\\index.php')
WARNING - 2023-08-20 16:03:37 --> [DEPRECATED] Creation of dynamic property App\Controllers\Kategori::$kategori is deprecated in APPPATH\Controllers\Kategori.php on line 12.
 1 SYSTEMPATH\CodeIgniter.php(904): App\Controllers\Kategori->__construct()
 2 SYSTEMPATH\CodeIgniter.php(488): CodeIgniter\CodeIgniter->createController()
 3 SYSTEMPATH\CodeIgniter.php(366): CodeIgniter\CodeIgniter->handleRequest(null, Object(Config\Cache), false)
 4 FCPATH\index.php(67): CodeIgniter\CodeIgniter->run()
 5 SYSTEMPATH\Commands\Server\rewrite.php(47): require_once('C:\\aplikasiskripsi\\SIPEBAR\\public\\index.php')
WARNING - 2023-08-20 16:09:08 --> [DEPRECATED] Creation of dynamic property App\Controllers\Kategori::$kategori is deprecated in APPPATH\Controllers\Kategori.php on line 12.
 1 SYSTEMPATH\CodeIgniter.php(904): App\Controllers\Kategori->__construct()
 2 SYSTEMPATH\CodeIgniter.php(488): CodeIgniter\CodeIgniter->createController()
 3 SYSTEMPATH\CodeIgniter.php(366): CodeIgniter\CodeIgniter->handleRequest(null, Object(Config\Cache), false)
 4 FCPATH\index.php(67): CodeIgniter\CodeIgniter->run()
 5 SYSTEMPATH\Commands\Server\rewrite.php(47): require_once('C:\\aplikasiskripsi\\SIPEBAR\\public\\index.php')
WARNING - 2023-08-20 16:10:29 --> [DEPRECATED] Creation of dynamic property App\Controllers\Kategori::$kategori is deprecated in APPPATH\Controllers\Kategori.php on line 12.
 1 SYSTEMPATH\CodeIgniter.php(904): App\Controllers\Kategori->__construct()
 2 SYSTEMPATH\CodeIgniter.php(488): CodeIgniter\CodeIgniter->createController()
 3 SYSTEMPATH\CodeIgniter.php(366): CodeIgniter\CodeIgniter->handleRequest(null, Object(Config\Cache), false)
 4 FCPATH\index.php(67): CodeIgniter\CodeIgniter->run()
 5 SYSTEMPATH\Commands\Server\rewrite.php(47): require_once('C:\\aplikasiskripsi\\SIPEBAR\\public\\index.php')
WARNING - 2023-08-20 16:10:32 --> [DEPRECATED] Creation of dynamic property App\Controllers\Kategori::$kategori is deprecated in APPPATH\Controllers\Kategori.php on line 12.
 1 SYSTEMPATH\CodeIgniter.php(904): App\Controllers\Kategori->__construct()
 2 SYSTEMPATH\CodeIgniter.php(488): CodeIgniter\CodeIgniter->createController()
 3 SYSTEMPATH\CodeIgniter.php(366): CodeIgniter\CodeIgniter->handleRequest(null, Object(Config\Cache), false)
 4 FCPATH\index.php(67): CodeIgniter\CodeIgniter->run()
 5 SYSTEMPATH\Commands\Server\rewrite.php(47): require_once('C:\\aplikasiskripsi\\SIPEBAR\\public\\index.php')
WARNING - 2023-08-20 16:10:35 --> [DEPRECATED] Creation of dynamic property App\Controllers\Kategori::$kategori is deprecated in APPPATH\Controllers\Kategori.php on line 12.
 1 SYSTEMPATH\CodeIgniter.php(904): App\Controllers\Kategori->__construct()
 2 SYSTEMPATH\CodeIgniter.php(488): CodeIgniter\CodeIgniter->createController()
 3 SYSTEMPATH\CodeIgniter.php(366): CodeIgniter\CodeIgniter->handleRequest(null, Object(Config\Cache), false)
 4 FCPATH\index.php(67): CodeIgniter\CodeIgniter->run()
 5 SYSTEMPATH\Commands\Server\rewrite.php(47): require_once('C:\\aplikasiskripsi\\SIPEBAR\\public\\index.php')
WARNING - 2023-08-20 16:10:51 --> [DEPRECATED] Creation of dynamic property App\Controllers\Kategori::$kategori is deprecated in APPPATH\Controllers\Kategori.php on line 12.
 1 SYSTEMPATH\CodeIgniter.php(904): App\Controllers\Kategori->__construct()
 2 SYSTEMPATH\CodeIgniter.php(488): CodeIgniter\CodeIgniter->createController()
 3 SYSTEMPATH\CodeIgniter.php(366): CodeIgniter\CodeIgniter->handleRequest(null, Object(Config\Cache), false)
 4 FCPATH\index.php(67): CodeIgniter\CodeIgniter->run()
 5 SYSTEMPATH\Commands\Server\rewrite.php(47): require_once('C:\\aplikasiskripsi\\SIPEBAR\\public\\index.php')
WARNING - 2023-08-20 16:14:09 --> [DEPRECATED] Creation of dynamic property App\Controllers\Kategori::$kategori is deprecated in APPPATH\Controllers\Kategori.php on line 12.
 1 SYSTEMPATH\CodeIgniter.php(904): App\Controllers\Kategori->__construct()
 2 SYSTEMPATH\CodeIgniter.php(488): CodeIgniter\CodeIgniter->createController()
 3 SYSTEMPATH\CodeIgniter.php(366): CodeIgniter\CodeIgniter->handleRequest(null, Object(Config\Cache), false)
 4 FCPATH\index.php(67): CodeIgniter\CodeIgniter->run()
 5 SYSTEMPATH\Commands\Server\rewrite.php(47): require_once('C:\\aplikasiskripsi\\SIPEBAR\\public\\index.php')
WARNING - 2023-08-20 16:14:35 --> [DEPRECATED] Creation of dynamic property App\Controllers\Kategori::$kategori is deprecated in APPPATH\Controllers\Kategori.php on line 12.
 1 SYSTEMPATH\CodeIgniter.php(904): App\Controllers\Kategori->__construct()
 2 SYSTEMPATH\CodeIgniter.php(488): CodeIgniter\CodeIgniter->createController()
 3 SYSTEMPATH\CodeIgniter.php(366): CodeIgniter\CodeIgniter->handleRequest(null, Object(Config\Cache), false)
 4 FCPATH\index.php(67): CodeIgniter\CodeIgniter->run()
 5 SYSTEMPATH\Commands\Server\rewrite.php(47): require_once('C:\\aplikasiskripsi\\SIPEBAR\\public\\index.php')
WARNING - 2023-08-20 16:14:37 --> [DEPRECATED] Creation of dynamic property App\Controllers\Kategori::$kategori is deprecated in APPPATH\Controllers\Kategori.php on line 12.
 1 SYSTEMPATH\CodeIgniter.php(904): App\Controllers\Kategori->__construct()
 2 SYSTEMPATH\CodeIgniter.php(488): CodeIgniter\CodeIgniter->createController()
 3 SYSTEMPATH\CodeIgniter.php(366): CodeIgniter\CodeIgniter->handleRequest(null, Object(Config\Cache), false)
 4 FCPATH\index.php(67): CodeIgniter\CodeIgniter->run()
 5 SYSTEMPATH\Commands\Server\rewrite.php(47): require_once('C:\\aplikasiskripsi\\SIPEBAR\\public\\index.php')
WARNING - 2023-08-20 16:14:38 --> [DEPRECATED] Creation of dynamic property App\Controllers\Kategori::$kategori is deprecated in APPPATH\Controllers\Kategori.php on line 12.
 1 SYSTEMPATH\CodeIgniter.php(904): App\Controllers\Kategori->__construct()
 2 SYSTEMPATH\CodeIgniter.php(488): CodeIgniter\CodeIgniter->createController()
 3 SYSTEMPATH\CodeIgniter.php(366): CodeIgniter\CodeIgniter->handleRequest(null, Object(Config\Cache), false)
 4 FCPATH\index.php(67): CodeIgniter\CodeIgniter->run()
 5 SYSTEMPATH\Commands\Server\rewrite.php(47): require_once('C:\\aplikasiskripsi\\SIPEBAR\\public\\index.php')
WARNING - 2023-08-20 16:14:44 --> [DEPRECATED] Creation of dynamic property App\Controllers\Kategori::$kategori is deprecated in APPPATH\Controllers\Kategori.php on line 12.
 1 SYSTEMPATH\CodeIgniter.php(904): App\Controllers\Kategori->__construct()
 2 SYSTEMPATH\CodeIgniter.php(488): CodeIgniter\CodeIgniter->createController()
 3 SYSTEMPATH\CodeIgniter.php(366): CodeIgniter\CodeIgniter->handleRequest(null, Object(Config\Cache), false)
 4 FCPATH\index.php(67): CodeIgniter\CodeIgniter->run()
 5 SYSTEMPATH\Commands\Server\rewrite.php(47): require_once('C:\\aplikasiskripsi\\SIPEBAR\\public\\index.php')
WARNING - 2023-08-20 16:25:10 --> [DEPRECATED] Creation of dynamic property App\Controllers\Kategori::$kategori is deprecated in APPPATH\Controllers\Kategori.php on line 12.
 1 SYSTEMPATH\CodeIgniter.php(904): App\Controllers\Kategori->__construct()
 2 SYSTEMPATH\CodeIgniter.php(488): CodeIgniter\CodeIgniter->createController()
 3 SYSTEMPATH\CodeIgniter.php(366): CodeIgniter\CodeIgniter->handleRequest(null, Object(Config\Cache), false)
 4 FCPATH\index.php(67): CodeIgniter\CodeIgniter->run()
 5 SYSTEMPATH\Commands\Server\rewrite.php(47): require_once('C:\\aplikasiskripsi\\SIPEBAR\\public\\index.php')
WARNING - 2023-08-20 16:25:23 --> [DEPRECATED] Creation of dynamic property App\Controllers\Kategori::$kategori is deprecated in APPPATH\Controllers\Kategori.php on line 12.
 1 SYSTEMPATH\CodeIgniter.php(904): App\Controllers\Kategori->__construct()
 2 SYSTEMPATH\CodeIgniter.php(488): CodeIgniter\CodeIgniter->createController()
 3 SYSTEMPATH\CodeIgniter.php(366): CodeIgniter\CodeIgniter->handleRequest(null, Object(Config\Cache), false)
 4 FCPATH\index.php(67): CodeIgniter\CodeIgniter->run()
 5 SYSTEMPATH\Commands\Server\rewrite.php(47): require_once('C:\\aplikasiskripsi\\SIPEBAR\\public\\index.php')
WARNING - 2023-08-20 16:25:27 --> [DEPRECATED] Creation of dynamic property App\Controllers\Kategori::$kategori is deprecated in APPPATH\Controllers\Kategori.php on line 12.
 1 SYSTEMPATH\CodeIgniter.php(904): App\Controllers\Kategori->__construct()
 2 SYSTEMPATH\CodeIgniter.php(488): CodeIgniter\CodeIgniter->createController()
 3 SYSTEMPATH\CodeIgniter.php(366): CodeIgniter\CodeIgniter->handleRequest(null, Object(Config\Cache), false)
 4 FCPATH\index.php(67): CodeIgniter\CodeIgniter->run()
 5 SYSTEMPATH\Commands\Server\rewrite.php(47): require_once('C:\\aplikasiskripsi\\SIPEBAR\\public\\index.php')
WARNING - 2023-08-20 16:35:00 --> [DEPRECATED] Creation of dynamic property App\Controllers\Kategori::$kategori is deprecated in APPPATH\Controllers\Kategori.php on line 12.
 1 SYSTEMPATH\CodeIgniter.php(904): App\Controllers\Kategori->__construct()
 2 SYSTEMPATH\CodeIgniter.php(488): CodeIgniter\CodeIgniter->createController()
 3 SYSTEMPATH\CodeIgniter.php(366): CodeIgniter\CodeIgniter->handleRequest(null, Object(Config\Cache), false)
 4 FCPATH\index.php(67): CodeIgniter\CodeIgniter->run()
 5 SYSTEMPATH\Commands\Server\rewrite.php(47): require_once('C:\\aplikasiskripsi\\SIPEBAR\\public\\index.php')
WARNING - 2023-08-20 16:35:17 --> [DEPRECATED] Creation of dynamic property App\Controllers\Kategori::$kategori is deprecated in APPPATH\Controllers\Kategori.php on line 12.
 1 SYSTEMPATH\CodeIgniter.php(904): App\Controllers\Kategori->__construct()
 2 SYSTEMPATH\CodeIgniter.php(488): CodeIgniter\CodeIgniter->createController()
 3 SYSTEMPATH\CodeIgniter.php(366): CodeIgniter\CodeIgniter->handleRequest(null, Object(Config\Cache), false)
 4 FCPATH\index.php(67): CodeIgniter\CodeIgniter->run()
 5 SYSTEMPATH\Commands\Server\rewrite.php(47): require_once('C:\\aplikasiskripsi\\SIPEBAR\\public\\index.php')
WARNING - 2023-08-20 16:35:32 --> [DEPRECATED] Creation of dynamic property App\Controllers\Kategori::$kategori is deprecated in APPPATH\Controllers\Kategori.php on line 12.
 1 SYSTEMPATH\CodeIgniter.php(904): App\Controllers\Kategori->__construct()
 2 SYSTEMPATH\CodeIgniter.php(488): CodeIgniter\CodeIgniter->createController()
 3 SYSTEMPATH\CodeIgniter.php(366): CodeIgniter\CodeIgniter->handleRequest(null, Object(Config\Cache), false)
 4 FCPATH\index.php(67): CodeIgniter\CodeIgniter->run()
 5 SYSTEMPATH\Commands\Server\rewrite.php(47): require_once('C:\\aplikasiskripsi\\SIPEBAR\\public\\index.php')
WARNING - 2023-08-20 16:35:47 --> [DEPRECATED] Creation of dynamic property App\Controllers\Kategori::$kategori is deprecated in APPPATH\Controllers\Kategori.php on line 12.
 1 SYSTEMPATH\CodeIgniter.php(904): App\Controllers\Kategori->__construct()
 2 SYSTEMPATH\CodeIgniter.php(488): CodeIgniter\CodeIgniter->createController()
 3 SYSTEMPATH\CodeIgniter.php(366): CodeIgniter\CodeIgniter->handleRequest(null, Object(Config\Cache), false)
 4 FCPATH\index.php(67): CodeIgniter\CodeIgniter->run()
 5 SYSTEMPATH\Commands\Server\rewrite.php(47): require_once('C:\\aplikasiskripsi\\SIPEBAR\\public\\index.php')
WARNING - 2023-08-20 16:35:59 --> [DEPRECATED] Creation of dynamic property App\Controllers\Kategori::$kategori is deprecated in APPPATH\Controllers\Kategori.php on line 12.
 1 SYSTEMPATH\CodeIgniter.php(904): App\Controllers\Kategori->__construct()
 2 SYSTEMPATH\CodeIgniter.php(488): CodeIgniter\CodeIgniter->createController()
 3 SYSTEMPATH\CodeIgniter.php(366): CodeIgniter\CodeIgniter->handleRequest(null, Object(Config\Cache), false)
 4 FCPATH\index.php(67): CodeIgniter\CodeIgniter->run()
 5 SYSTEMPATH\Commands\Server\rewrite.php(47): require_once('C:\\aplikasiskripsi\\SIPEBAR\\public\\index.php')
WARNING - 2023-08-20 16:36:15 --> [DEPRECATED] Creation of dynamic property App\Controllers\Kategori::$kategori is deprecated in APPPATH\Controllers\Kategori.php on line 12.
 1 SYSTEMPATH\CodeIgniter.php(904): App\Controllers\Kategori->__construct()
 2 SYSTEMPATH\CodeIgniter.php(488): CodeIgniter\CodeIgniter->createController()
 3 SYSTEMPATH\CodeIgniter.php(366): CodeIgniter\CodeIgniter->handleRequest(null, Object(Config\Cache), false)
 4 FCPATH\index.php(67): CodeIgniter\CodeIgniter->run()
 5 SYSTEMPATH\Commands\Server\rewrite.php(47): require_once('C:\\aplikasiskripsi\\SIPEBAR\\public\\index.php')
WARNING - 2023-08-20 16:36:24 --> [DEPRECATED] Creation of dynamic property App\Controllers\Kategori::$kategori is deprecated in APPPATH\Controllers\Kategori.php on line 12.
 1 SYSTEMPATH\CodeIgniter.php(904): App\Controllers\Kategori->__construct()
 2 SYSTEMPATH\CodeIgniter.php(488): CodeIgniter\CodeIgniter->createController()
 3 SYSTEMPATH\CodeIgniter.php(366): CodeIgniter\CodeIgniter->handleRequest(null, Object(Config\Cache), false)
 4 FCPATH\index.php(67): CodeIgniter\CodeIgniter->run()
 5 SYSTEMPATH\Commands\Server\rewrite.php(47): require_once('C:\\aplikasiskripsi\\SIPEBAR\\public\\index.php')
WARNING - 2023-08-20 16:36:33 --> [DEPRECATED] Creation of dynamic property App\Controllers\Kategori::$kategori is deprecated in APPPATH\Controllers\Kategori.php on line 12.
 1 SYSTEMPATH\CodeIgniter.php(904): App\Controllers\Kategori->__construct()
 2 SYSTEMPATH\CodeIgniter.php(488): CodeIgniter\CodeIgniter->createController()
 3 SYSTEMPATH\CodeIgniter.php(366): CodeIgniter\CodeIgniter->handleRequest(null, Object(Config\Cache), false)
 4 FCPATH\index.php(67): CodeIgniter\CodeIgniter->run()
 5 SYSTEMPATH\Commands\Server\rewrite.php(47): require_once('C:\\aplikasiskripsi\\SIPEBAR\\public\\index.php')
WARNING - 2023-08-20 16:37:54 --> [DEPRECATED] Creation of dynamic property App\Controllers\Kategori::$kategori is deprecated in APPPATH\Controllers\Kategori.php on line 12.
 1 SYSTEMPATH\CodeIgniter.php(904): App\Controllers\Kategori->__construct()
 2 SYSTEMPATH\CodeIgniter.php(488): CodeIgniter\CodeIgniter->createController()
 3 SYSTEMPATH\CodeIgniter.php(366): CodeIgniter\CodeIgniter->handleRequest(null, Object(Config\Cache), false)
 4 FCPATH\index.php(67): CodeIgniter\CodeIgniter->run()
 5 SYSTEMPATH\Commands\Server\rewrite.php(47): require_once('C:\\aplikasiskripsi\\SIPEBAR\\public\\index.php')
WARNING - 2023-08-20 16:38:10 --> [DEPRECATED] Creation of dynamic property App\Controllers\Kategori::$kategori is deprecated in APPPATH\Controllers\Kategori.php on line 12.
 1 SYSTEMPATH\CodeIgniter.php(904): App\Controllers\Kategori->__construct()
 2 SYSTEMPATH\CodeIgniter.php(488): CodeIgniter\CodeIgniter->createController()
 3 SYSTEMPATH\CodeIgniter.php(366): CodeIgniter\CodeIgniter->handleRequest(null, Object(Config\Cache), false)
 4 FCPATH\index.php(67): CodeIgniter\CodeIgniter->run()
 5 SYSTEMPATH\Commands\Server\rewrite.php(47): require_once('C:\\aplikasiskripsi\\SIPEBAR\\public\\index.php')
WARNING - 2023-08-20 16:42:27 --> [DEPRECATED] Creation of dynamic property App\Controllers\Kategori::$kategori is deprecated in APPPATH\Controllers\Kategori.php on line 12.
 1 SYSTEMPATH\CodeIgniter.php(904): App\Controllers\Kategori->__construct()
 2 SYSTEMPATH\CodeIgniter.php(488): CodeIgniter\CodeIgniter->createController()
 3 SYSTEMPATH\CodeIgniter.php(366): CodeIgniter\CodeIgniter->handleRequest(null, Object(Config\Cache), false)
 4 FCPATH\index.php(67): CodeIgniter\CodeIgniter->run()
 5 SYSTEMPATH\Commands\Server\rewrite.php(47): require_once('C:\\aplikasiskripsi\\SIPEBAR\\public\\index.php')
WARNING - 2023-08-20 16:44:33 --> [DEPRECATED] Creation of dynamic property App\Controllers\Kategori::$kategori is deprecated in APPPATH\Controllers\Kategori.php on line 12.
 1 SYSTEMPATH\CodeIgniter.php(904): App\Controllers\Kategori->__construct()
 2 SYSTEMPATH\CodeIgniter.php(488): CodeIgniter\CodeIgniter->createController()
 3 SYSTEMPATH\CodeIgniter.php(366): CodeIgniter\CodeIgniter->handleRequest(null, Object(Config\Cache), false)
 4 FCPATH\index.php(67): CodeIgniter\CodeIgniter->run()
 5 SYSTEMPATH\Commands\Server\rewrite.php(47): require_once('C:\\aplikasiskripsi\\SIPEBAR\\public\\index.php')
WARNING - 2023-08-20 17:07:15 --> [DEPRECATED] Creation of dynamic property App\Controllers\Kategori::$kategori is deprecated in APPPATH\Controllers\Kategori.php on line 12.
 1 SYSTEMPATH\CodeIgniter.php(904): App\Controllers\Kategori->__construct()
 2 SYSTEMPATH\CodeIgniter.php(488): CodeIgniter\CodeIgniter->createController()
 3 SYSTEMPATH\CodeIgniter.php(366): CodeIgniter\CodeIgniter->handleRequest(null, Object(Config\Cache), false)
 4 FCPATH\index.php(67): CodeIgniter\CodeIgniter->run()
 5 SYSTEMPATH\Commands\Server\rewrite.php(47): require_once('C:\\aplikasiskripsi\\SIPEBAR\\public\\index.php')
WARNING - 2023-08-20 17:07:18 --> [DEPRECATED] Creation of dynamic property App\Controllers\Kategori::$kategori is deprecated in APPPATH\Controllers\Kategori.php on line 12.
 1 SYSTEMPATH\CodeIgniter.php(904): App\Controllers\Kategori->__construct()
 2 SYSTEMPATH\CodeIgniter.php(488): CodeIgniter\CodeIgniter->createController()
 3 SYSTEMPATH\CodeIgniter.php(366): CodeIgniter\CodeIgniter->handleRequest(null, Object(Config\Cache), false)
 4 FCPATH\index.php(67): CodeIgniter\CodeIgniter->run()
 5 SYSTEMPATH\Commands\Server\rewrite.php(47): require_once('C:\\aplikasiskripsi\\SIPEBAR\\public\\index.php')
WARNING - 2023-08-20 17:07:20 --> [DEPRECATED] Creation of dynamic property App\Controllers\Kategori::$kategori is deprecated in APPPATH\Controllers\Kategori.php on line 12.
 1 SYSTEMPATH\CodeIgniter.php(904): App\Controllers\Kategori->__construct()
 2 SYSTEMPATH\CodeIgniter.php(488): CodeIgniter\CodeIgniter->createController()
 3 SYSTEMPATH\CodeIgniter.php(366): CodeIgniter\CodeIgniter->handleRequest(null, Object(Config\Cache), false)
 4 FCPATH\index.php(67): CodeIgniter\CodeIgniter->run()
 5 SYSTEMPATH\Commands\Server\rewrite.php(47): require_once('C:\\aplikasiskripsi\\SIPEBAR\\public\\index.php')
WARNING - 2023-08-20 17:07:23 --> [DEPRECATED] Creation of dynamic property App\Controllers\Kategori::$kategori is deprecated in APPPATH\Controllers\Kategori.php on line 12.
 1 SYSTEMPATH\CodeIgniter.php(904): App\Controllers\Kategori->__construct()
 2 SYSTEMPATH\CodeIgniter.php(488): CodeIgniter\CodeIgniter->createController()
 3 SYSTEMPATH\CodeIgniter.php(366): CodeIgniter\CodeIgniter->handleRequest(null, Object(Config\Cache), false)
 4 FCPATH\index.php(67): CodeIgniter\CodeIgniter->run()
 5 SYSTEMPATH\Commands\Server\rewrite.php(47): require_once('C:\\aplikasiskripsi\\SIPEBAR\\public\\index.php')
WARNING - 2023-08-20 17:10:10 --> [DEPRECATED] Creation of dynamic property App\Controllers\Kategori::$kategori is deprecated in APPPATH\Controllers\Kategori.php on line 12.
 1 SYSTEMPATH\CodeIgniter.php(904): App\Controllers\Kategori->__construct()
 2 SYSTEMPATH\CodeIgniter.php(488): CodeIgniter\CodeIgniter->createController()
 3 SYSTEMPATH\CodeIgniter.php(366): CodeIgniter\CodeIgniter->handleRequest(null, Object(Config\Cache), false)
 4 FCPATH\index.php(67): CodeIgniter\CodeIgniter->run()
 5 SYSTEMPATH\Commands\Server\rewrite.php(47): require_once('C:\\aplikasiskripsi\\SIPEBAR\\public\\index.php')
WARNING - 2023-08-20 17:10:12 --> [DEPRECATED] Creation of dynamic property App\Controllers\Kategori::$kategori is deprecated in APPPATH\Controllers\Kategori.php on line 12.
 1 SYSTEMPATH\CodeIgniter.php(904): App\Controllers\Kategori->__construct()
 2 SYSTEMPATH\CodeIgniter.php(488): CodeIgniter\CodeIgniter->createController()
 3 SYSTEMPATH\CodeIgniter.php(366): CodeIgniter\CodeIgniter->handleRequest(null, Object(Config\Cache), false)
 4 FCPATH\index.php(67): CodeIgniter\CodeIgniter->run()
 5 SYSTEMPATH\Commands\Server\rewrite.php(47): require_once('C:\\aplikasiskripsi\\SIPEBAR\\public\\index.php')
WARNING - 2023-08-20 17:10:13 --> [DEPRECATED] Creation of dynamic property App\Controllers\Kategori::$kategori is deprecated in APPPATH\Controllers\Kategori.php on line 12.
 1 SYSTEMPATH\CodeIgniter.php(904): App\Controllers\Kategori->__construct()
 2 SYSTEMPATH\CodeIgniter.php(488): CodeIgniter\CodeIgniter->createController()
 3 SYSTEMPATH\CodeIgniter.php(366): CodeIgniter\CodeIgniter->handleRequest(null, Object(Config\Cache), false)
 4 FCPATH\index.php(67): CodeIgniter\CodeIgniter->run()
 5 SYSTEMPATH\Commands\Server\rewrite.php(47): require_once('C:\\aplikasiskripsi\\SIPEBAR\\public\\index.php')
WARNING - 2023-08-20 17:10:15 --> [DEPRECATED] Creation of dynamic property App\Controllers\Kategori::$kategori is deprecated in APPPATH\Controllers\Kategori.php on line 12.
 1 SYSTEMPATH\CodeIgniter.php(904): App\Controllers\Kategori->__construct()
 2 SYSTEMPATH\CodeIgniter.php(488): CodeIgniter\CodeIgniter->createController()
 3 SYSTEMPATH\CodeIgniter.php(366): CodeIgniter\CodeIgniter->handleRequest(null, Object(Config\Cache), false)
 4 FCPATH\index.php(67): CodeIgniter\CodeIgniter->run()
 5 SYSTEMPATH\Commands\Server\rewrite.php(47): require_once('C:\\aplikasiskripsi\\SIPEBAR\\public\\index.php')
WARNING - 2023-08-20 17:17:00 --> [DEPRECATED] Creation of dynamic property App\Controllers\Kategori::$kategori is deprecated in APPPATH\Controllers\Kategori.php on line 12.
 1 SYSTEMPATH\CodeIgniter.php(904): App\Controllers\Kategori->__construct()
 2 SYSTEMPATH\CodeIgniter.php(488): CodeIgniter\CodeIgniter->createController()
 3 SYSTEMPATH\CodeIgniter.php(366): CodeIgniter\CodeIgniter->handleRequest(null, Object(Config\Cache), false)
 4 FCPATH\index.php(67): CodeIgniter\CodeIgniter->run()
 5 SYSTEMPATH\Commands\Server\rewrite.php(47): require_once('C:\\aplikasiskripsi\\SIPEBAR\\public\\index.php')
WARNING - 2023-08-20 17:17:01 --> [DEPRECATED] Creation of dynamic property App\Controllers\Kategori::$kategori is deprecated in APPPATH\Controllers\Kategori.php on line 12.
 1 SYSTEMPATH\CodeIgniter.php(904): App\Controllers\Kategori->__construct()
 2 SYSTEMPATH\CodeIgniter.php(488): CodeIgniter\CodeIgniter->createController()
 3 SYSTEMPATH\CodeIgniter.php(366): CodeIgniter\CodeIgniter->handleRequest(null, Object(Config\Cache), false)
 4 FCPATH\index.php(67): CodeIgniter\CodeIgniter->run()
 5 SYSTEMPATH\Commands\Server\rewrite.php(47): require_once('C:\\aplikasiskripsi\\SIPEBAR\\public\\index.php')
WARNING - 2023-08-20 17:17:03 --> [DEPRECATED] Creation of dynamic property App\Controllers\Kategori::$kategori is deprecated in APPPATH\Controllers\Kategori.php on line 12.
 1 SYSTEMPATH\CodeIgniter.php(904): App\Controllers\Kategori->__construct()
 2 SYSTEMPATH\CodeIgniter.php(488): CodeIgniter\CodeIgniter->createController()
 3 SYSTEMPATH\CodeIgniter.php(366): CodeIgniter\CodeIgniter->handleRequest(null, Object(Config\Cache), false)
 4 FCPATH\index.php(67): CodeIgniter\CodeIgniter->run()
 5 SYSTEMPATH\Commands\Server\rewrite.php(47): require_once('C:\\aplikasiskripsi\\SIPEBAR\\public\\index.php')
WARNING - 2023-08-20 17:17:04 --> [DEPRECATED] Creation of dynamic property App\Controllers\Kategori::$kategori is deprecated in APPPATH\Controllers\Kategori.php on line 12.
 1 SYSTEMPATH\CodeIgniter.php(904): App\Controllers\Kategori->__construct()
 2 SYSTEMPATH\CodeIgniter.php(488): CodeIgniter\CodeIgniter->createController()
 3 SYSTEMPATH\CodeIgniter.php(366): CodeIgniter\CodeIgniter->handleRequest(null, Object(Config\Cache), false)
 4 FCPATH\index.php(67): CodeIgniter\CodeIgniter->run()
 5 SYSTEMPATH\Commands\Server\rewrite.php(47): require_once('C:\\aplikasiskripsi\\SIPEBAR\\public\\index.php')
WARNING - 2023-08-20 17:17:05 --> [DEPRECATED] Creation of dynamic property App\Controllers\Kategori::$kategori is deprecated in APPPATH\Controllers\Kategori.php on line 12.
 1 SYSTEMPATH\CodeIgniter.php(904): App\Controllers\Kategori->__construct()
 2 SYSTEMPATH\CodeIgniter.php(488): CodeIgniter\CodeIgniter->createController()
 3 SYSTEMPATH\CodeIgniter.php(366): CodeIgniter\CodeIgniter->handleRequest(null, Object(Config\Cache), false)
 4 FCPATH\index.php(67): CodeIgniter\CodeIgniter->run()
 5 SYSTEMPATH\Commands\Server\rewrite.php(47): require_once('C:\\aplikasiskripsi\\SIPEBAR\\public\\index.php')
WARNING - 2023-08-20 17:25:34 --> [DEPRECATED] Creation of dynamic property App\Controllers\Kategori::$kategori is deprecated in APPPATH\Controllers\Kategori.php on line 12.
 1 SYSTEMPATH\CodeIgniter.php(904): App\Controllers\Kategori->__construct()
 2 SYSTEMPATH\CodeIgniter.php(488): CodeIgniter\CodeIgniter->createController()
 3 SYSTEMPATH\CodeIgniter.php(366): CodeIgniter\CodeIgniter->handleRequest(null, Object(Config\Cache), false)
 4 FCPATH\index.php(67): CodeIgniter\CodeIgniter->run()
 5 SYSTEMPATH\Commands\Server\rewrite.php(47): require_once('C:\\aplikasiskripsi\\SIPEBAR\\public\\index.php')
WARNING - 2023-08-20 17:25:35 --> [DEPRECATED] Creation of dynamic property App\Controllers\Kategori::$kategori is deprecated in APPPATH\Controllers\Kategori.php on line 12.
 1 SYSTEMPATH\CodeIgniter.php(904): App\Controllers\Kategori->__construct()
 2 SYSTEMPATH\CodeIgniter.php(488): CodeIgniter\CodeIgniter->createController()
 3 SYSTEMPATH\CodeIgniter.php(366): CodeIgniter\CodeIgniter->handleRequest(null, Object(Config\Cache), false)
 4 FCPATH\index.php(67): CodeIgniter\CodeIgniter->run()
 5 SYSTEMPATH\Commands\Server\rewrite.php(47): require_once('C:\\aplikasiskripsi\\SIPEBAR\\public\\index.php')
WARNING - 2023-08-20 17:28:48 --> [DEPRECATED] Creation of dynamic property App\Controllers\Kategori::$kategori is deprecated in APPPATH\Controllers\Kategori.php on line 12.
 1 SYSTEMPATH\CodeIgniter.php(904): App\Controllers\Kategori->__construct()
 2 SYSTEMPATH\CodeIgniter.php(488): CodeIgniter\CodeIgniter->createController()
 3 SYSTEMPATH\CodeIgniter.php(366): CodeIgniter\CodeIgniter->handleRequest(null, Object(Config\Cache), false)
 4 FCPATH\index.php(67): CodeIgniter\CodeIgniter->run()
 5 SYSTEMPATH\Commands\Server\rewrite.php(47): require_once('C:\\aplikasiskripsi\\SIPEBAR\\public\\index.php')
WARNING - 2023-08-20 17:28:51 --> [DEPRECATED] Creation of dynamic property App\Controllers\Kategori::$kategori is deprecated in APPPATH\Controllers\Kategori.php on line 12.
 1 SYSTEMPATH\CodeIgniter.php(904): App\Controllers\Kategori->__construct()
 2 SYSTEMPATH\CodeIgniter.php(488): CodeIgniter\CodeIgniter->createController()
 3 SYSTEMPATH\CodeIgniter.php(366): CodeIgniter\CodeIgniter->handleRequest(null, Object(Config\Cache), false)
 4 FCPATH\index.php(67): CodeIgniter\CodeIgniter->run()
 5 SYSTEMPATH\Commands\Server\rewrite.php(47): require_once('C:\\aplikasiskripsi\\SIPEBAR\\public\\index.php')
WARNING - 2023-08-20 17:32:37 --> [DEPRECATED] Creation of dynamic property App\Controllers\Kategori::$kategori is deprecated in APPPATH\Controllers\Kategori.php on line 12.
 1 SYSTEMPATH\CodeIgniter.php(904): App\Controllers\Kategori->__construct()
 2 SYSTEMPATH\CodeIgniter.php(488): CodeIgniter\CodeIgniter->createController()
 3 SYSTEMPATH\CodeIgniter.php(366): CodeIgniter\CodeIgniter->handleRequest(null, Object(Config\Cache), false)
 4 FCPATH\index.php(67): CodeIgniter\CodeIgniter->run()
 5 SYSTEMPATH\Commands\Server\rewrite.php(47): require_once('C:\\aplikasiskripsi\\SIPEBAR\\public\\index.php')
WARNING - 2023-08-20 17:57:19 --> [DEPRECATED] Creation of dynamic property App\Controllers\Kategori::$kategori is deprecated in APPPATH\Controllers\Kategori.php on line 12.
 1 SYSTEMPATH\CodeIgniter.php(904): App\Controllers\Kategori->__construct()
 2 SYSTEMPATH\CodeIgniter.php(488): CodeIgniter\CodeIgniter->createController()
 3 SYSTEMPATH\CodeIgniter.php(366): CodeIgniter\CodeIgniter->handleRequest(null, Object(Config\Cache), false)
 4 FCPATH\index.php(67): CodeIgniter\CodeIgniter->run()
 5 SYSTEMPATH\Commands\Server\rewrite.php(47): require_once('C:\\aplikasiskripsi\\SIPEBAR\\public\\index.php')
INFO - 2023-08-20 17:57:19 --> Session: Class initialized using 'CodeIgniter\Session\Handlers\FileHandler' driver.
WARNING - 2023-08-20 17:57:21 --> [DEPRECATED] Creation of dynamic property App\Controllers\Kategori::$kategori is deprecated in APPPATH\Controllers\Kategori.php on line 12.
 1 SYSTEMPATH\CodeIgniter.php(904): App\Controllers\Kategori->__construct()
 2 SYSTEMPATH\CodeIgniter.php(488): CodeIgniter\CodeIgniter->createController()
 3 SYSTEMPATH\CodeIgniter.php(366): CodeIgniter\CodeIgniter->handleRequest(null, Object(Config\Cache), false)
 4 FCPATH\index.php(67): CodeIgniter\CodeIgniter->run()
 5 SYSTEMPATH\Commands\Server\rewrite.php(47): require_once('C:\\aplikasiskripsi\\SIPEBAR\\public\\index.php')
INFO - 2023-08-20 17:57:21 --> Session: Class initialized using 'CodeIgniter\Session\Handlers\FileHandler' driver.
WARNING - 2023-08-20 17:57:21 --> [DEPRECATED] Creation of dynamic property App\Controllers\Kategori::$kategori is deprecated in APPPATH\Controllers\Kategori.php on line 12.
 1 SYSTEMPATH\CodeIgniter.php(904): App\Controllers\Kategori->__construct()
 2 SYSTEMPATH\CodeIgniter.php(488): CodeIgniter\CodeIgniter->createController()
 3 SYSTEMPATH\CodeIgniter.php(366): CodeIgniter\CodeIgniter->handleRequest(null, Object(Config\Cache), false)
 4 FCPATH\index.php(67): CodeIgniter\CodeIgniter->run()
 5 SYSTEMPATH\Commands\Server\rewrite.php(47): require_once('C:\\aplikasiskripsi\\SIPEBAR\\public\\index.php')
INFO - 2023-08-20 17:57:21 --> Session: Class initialized using 'CodeIgniter\Session\Handlers\FileHandler' driver.
WARNING - 2023-08-20 18:00:16 --> [DEPRECATED] Creation of dynamic property App\Controllers\Kategori::$kategori is deprecated in APPPATH\Controllers\Kategori.php on line 12.
 1 SYSTEMPATH\CodeIgniter.php(904): App\Controllers\Kategori->__construct()
 2 SYSTEMPATH\CodeIgniter.php(488): CodeIgniter\CodeIgniter->createController()
 3 SYSTEMPATH\CodeIgniter.php(366): CodeIgniter\CodeIgniter->handleRequest(null, Object(Config\Cache), false)
 4 FCPATH\index.php(67): CodeIgniter\CodeIgniter->run()
 5 SYSTEMPATH\Commands\Server\rewrite.php(47): require_once('C:\\aplikasiskripsi\\SIPEBAR\\public\\index.php')
INFO - 2023-08-20 18:00:16 --> Session: Class initialized using 'CodeIgniter\Session\Handlers\FileHandler' driver.
WARNING - 2023-08-20 18:00:16 --> [DEPRECATED] Creation of dynamic property App\Controllers\Kategori::$kategori is deprecated in APPPATH\Controllers\Kategori.php on line 12.
 1 SYSTEMPATH\CodeIgniter.php(904): App\Controllers\Kategori->__construct()
 2 SYSTEMPATH\CodeIgniter.php(488): CodeIgniter\CodeIgniter->createController()
 3 SYSTEMPATH\CodeIgniter.php(366): CodeIgniter\CodeIgniter->handleRequest(null, Object(Config\Cache), false)
 4 FCPATH\index.php(67): CodeIgniter\CodeIgniter->run()
 5 SYSTEMPATH\Commands\Server\rewrite.php(47): require_once('C:\\aplikasiskripsi\\SIPEBAR\\public\\index.php')
INFO - 2023-08-20 18:00:16 --> Session: Class initialized using 'CodeIgniter\Session\Handlers\FileHandler' driver.
WARNING - 2023-08-20 18:01:01 --> [DEPRECATED] Creation of dynamic property App\Controllers\Kategori::$kategori is deprecated in APPPATH\Controllers\Kategori.php on line 12.
 1 SYSTEMPATH\CodeIgniter.php(904): App\Controllers\Kategori->__construct()
 2 SYSTEMPATH\CodeIgniter.php(488): CodeIgniter\CodeIgniter->createController()
 3 SYSTEMPATH\CodeIgniter.php(366): CodeIgniter\CodeIgniter->handleRequest(null, Object(Config\Cache), false)
 4 FCPATH\index.php(67): CodeIgniter\CodeIgniter->run()
 5 SYSTEMPATH\Commands\Server\rewrite.php(47): require_once('C:\\aplikasiskripsi\\SIPEBAR\\public\\index.php')
INFO - 2023-08-20 18:01:01 --> Session: Class initialized using 'CodeIgniter\Session\Handlers\FileHandler' driver.
WARNING - 2023-08-20 18:01:02 --> [DEPRECATED] Creation of dynamic property App\Controllers\Kategori::$kategori is deprecated in APPPATH\Controllers\Kategori.php on line 12.
 1 SYSTEMPATH\CodeIgniter.php(904): App\Controllers\Kategori->__construct()
 2 SYSTEMPATH\CodeIgniter.php(488): CodeIgniter\CodeIgniter->createController()
 3 SYSTEMPATH\CodeIgniter.php(366): CodeIgniter\CodeIgniter->handleRequest(null, Object(Config\Cache), false)
 4 FCPATH\index.php(67): CodeIgniter\CodeIgniter->run()
 5 SYSTEMPATH\Commands\Server\rewrite.php(47): require_once('C:\\aplikasiskripsi\\SIPEBAR\\public\\index.php')
INFO - 2023-08-20 18:01:02 --> Session: Class initialized using 'CodeIgniter\Session\Handlers\FileHandler' driver.
WARNING - 2023-08-20 18:01:02 --> [DEPRECATED] Creation of dynamic property App\Controllers\Kategori::$kategori is deprecated in APPPATH\Controllers\Kategori.php on line 12.
 1 SYSTEMPATH\CodeIgniter.php(904): App\Controllers\Kategori->__construct()
 2 SYSTEMPATH\CodeIgniter.php(488): CodeIgniter\CodeIgniter->createController()
 3 SYSTEMPATH\CodeIgniter.php(366): CodeIgniter\CodeIgniter->handleRequest(null, Object(Config\Cache), false)
 4 FCPATH\index.php(67): CodeIgniter\CodeIgniter->run()
 5 SYSTEMPATH\Commands\Server\rewrite.php(47): require_once('C:\\aplikasiskripsi\\SIPEBAR\\public\\index.php')
INFO - 2023-08-20 18:01:02 --> Session: Class initialized using 'CodeIgniter\Session\Handlers\FileHandler' driver.
WARNING - 2023-08-20 18:07:45 --> [DEPRECATED] Creation of dynamic property App\Controllers\Kategori::$kategori is deprecated in APPPATH\Controllers\Kategori.php on line 12.
 1 SYSTEMPATH\CodeIgniter.php(904): App\Controllers\Kategori->__construct()
 2 SYSTEMPATH\CodeIgniter.php(488): CodeIgniter\CodeIgniter->createController()
 3 SYSTEMPATH\CodeIgniter.php(366): CodeIgniter\CodeIgniter->handleRequest(null, Object(Config\Cache), false)
 4 FCPATH\index.php(67): CodeIgniter\CodeIgniter->run()
 5 SYSTEMPATH\Commands\Server\rewrite.php(47): require_once('C:\\aplikasiskripsi\\SIPEBAR\\public\\index.php')
INFO - 2023-08-20 18:07:45 --> Session: Class initialized using 'CodeIgniter\Session\Handlers\FileHandler' driver.
WARNING - 2023-08-20 18:07:51 --> [DEPRECATED] Creation of dynamic property App\Controllers\Kategori::$kategori is deprecated in APPPATH\Controllers\Kategori.php on line 12.
 1 SYSTEMPATH\CodeIgniter.php(904): App\Controllers\Kategori->__construct()
 2 SYSTEMPATH\CodeIgniter.php(488): CodeIgniter\CodeIgniter->createController()
 3 SYSTEMPATH\CodeIgniter.php(366): CodeIgniter\CodeIgniter->handleRequest(null, Object(Config\Cache), false)
 4 FCPATH\index.php(67): CodeIgniter\CodeIgniter->run()
 5 SYSTEMPATH\Commands\Server\rewrite.php(47): require_once('C:\\aplikasiskripsi\\SIPEBAR\\public\\index.php')
INFO - 2023-08-20 18:07:51 --> Session: Class initialized using 'CodeIgniter\Session\Handlers\FileHandler' driver.
WARNING - 2023-08-20 18:07:51 --> [DEPRECATED] Creation of dynamic property App\Controllers\Kategori::$kategori is deprecated in APPPATH\Controllers\Kategori.php on line 12.
 1 SYSTEMPATH\CodeIgniter.php(904): App\Controllers\Kategori->__construct()
 2 SYSTEMPATH\CodeIgniter.php(488): CodeIgniter\CodeIgniter->createController()
 3 SYSTEMPATH\CodeIgniter.php(366): CodeIgniter\CodeIgniter->handleRequest(null, Object(Config\Cache), false)
 4 FCPATH\index.php(67): CodeIgniter\CodeIgniter->run()
 5 SYSTEMPATH\Commands\Server\rewrite.php(47): require_once('C:\\aplikasiskripsi\\SIPEBAR\\public\\index.php')
WARNING - 2023-08-20 18:10:56 --> [DEPRECATED] Creation of dynamic property App\Controllers\Kategori::$kategori is deprecated in APPPATH\Controllers\Kategori.php on line 12.
 1 SYSTEMPATH\CodeIgniter.php(904): App\Controllers\Kategori->__construct()
 2 SYSTEMPATH\CodeIgniter.php(488): CodeIgniter\CodeIgniter->createController()
 3 SYSTEMPATH\CodeIgniter.php(366): CodeIgniter\CodeIgniter->handleRequest(null, Object(Config\Cache), false)
 4 FCPATH\index.php(67): CodeIgniter\CodeIgniter->run()
 5 SYSTEMPATH\Commands\Server\rewrite.php(47): require_once('C:\\aplikasiskripsi\\SIPEBAR\\public\\index.php')
INFO - 2023-08-20 18:10:56 --> Session: Class initialized using 'CodeIgniter\Session\Handlers\FileHandler' driver.
WARNING - 2023-08-20 18:11:07 --> [DEPRECATED] Creation of dynamic property App\Controllers\Kategori::$kategori is deprecated in APPPATH\Controllers\Kategori.php on line 12.
 1 SYSTEMPATH\CodeIgniter.php(904): App\Controllers\Kategori->__construct()
 2 SYSTEMPATH\CodeIgniter.php(488): CodeIgniter\CodeIgniter->createController()
 3 SYSTEMPATH\CodeIgniter.php(366): CodeIgniter\CodeIgniter->handleRequest(null, Object(Config\Cache), false)
 4 FCPATH\index.php(67): CodeIgniter\CodeIgniter->run()
 5 SYSTEMPATH\Commands\Server\rewrite.php(47): require_once('C:\\aplikasiskripsi\\SIPEBAR\\public\\index.php')
INFO - 2023-08-20 18:11:07 --> Session: Class initialized using 'CodeIgniter\Session\Handlers\FileHandler' driver.
WARNING - 2023-08-20 18:11:08 --> [DEPRECATED] Creation of dynamic property App\Controllers\Kategori::$kategori is deprecated in APPPATH\Controllers\Kategori.php on line 12.
 1 SYSTEMPATH\CodeIgniter.php(904): App\Controllers\Kategori->__construct()
 2 SYSTEMPATH\CodeIgniter.php(488): CodeIgniter\CodeIgniter->createController()
 3 SYSTEMPATH\CodeIgniter.php(366): CodeIgniter\CodeIgniter->handleRequest(null, Object(Config\Cache), false)
 4 FCPATH\index.php(67): CodeIgniter\CodeIgniter->run()
 5 SYSTEMPATH\Commands\Server\rewrite.php(47): require_once('C:\\aplikasiskripsi\\SIPEBAR\\public\\index.php')
WARNING - 2023-08-20 18:12:49 --> [DEPRECATED] Creation of dynamic property App\Controllers\Kategori::$kategori is deprecated in APPPATH\Controllers\Kategori.php on line 12.
 1 SYSTEMPATH\CodeIgniter.php(904): App\Controllers\Kategori->__construct()
 2 SYSTEMPATH\CodeIgniter.php(488): CodeIgniter\CodeIgniter->createController()
 3 SYSTEMPATH\CodeIgniter.php(366): CodeIgniter\CodeIgniter->handleRequest(null, Object(Config\Cache), false)
 4 FCPATH\index.php(67): CodeIgniter\CodeIgniter->run()
 5 SYSTEMPATH\Commands\Server\rewrite.php(47): require_once('C:\\aplikasiskripsi\\SIPEBAR\\public\\index.php')
INFO - 2023-08-20 18:12:49 --> Session: Class initialized using 'CodeIgniter\Session\Handlers\FileHandler' driver.
