CRITICAL - 2023-09-05 08:54:45 --> The framework needs the following extension(s) installed and loaded: intl.
in SYSTEMPATH\CodeIgniter.php on line 227.
 1 SYSTEMPATH\CodeIgniter.php(227): CodeIgniter\Exceptions\FrameworkException::forMissingExtension('intl')
 2 SYSTEMPATH\CodeIgniter.php(191): CodeIgniter\CodeIgniter->resolvePlatformExtensions()
 3 ROOTPATH\spark(83): CodeIgniter\CodeIgniter->initialize()
INFO - 2023-09-05 06:55:47 --> Session: Class initialized using 'CodeIgniter\Session\Handlers\FileHandler' driver.
CRITICAL - 2023-09-05 09:55:26 --> Call to undefined method CodeIgniter\Database\MySQLi\Result::getArrowArray()
in APPPATH\Controllers\Barangkeluar.php on line 15.
 1 APPPATH\Controllers\Barangkeluar.php(31): App\Controllers\Barangkeluar->buatFaktur()
 2 SYSTEMPATH\CodeIgniter.php(932): App\Controllers\Barangkeluar->input()
 3 SYSTEMPATH\CodeIgniter.php(497): CodeIgniter\CodeIgniter->runController(Object(App\Controllers\Barangkeluar))
 4 SYSTEMPATH\CodeIgniter.php(366): CodeIgniter\CodeIgniter->handleRequest(null, Object(Config\Cache), false)
 5 FCPATH\index.php(67): CodeIgniter\CodeIgniter->run()
 6 SYSTEMPATH\Commands\Server\rewrite.php(47): require_once('C:\\aplikasiskripsi\\SIPEBAR\\public\\index.php')
WARNING - 2023-09-05 09:56:33 --> [DEPRECATED] substr(): Passing null to parameter #1 ($string) of type string is deprecated in APPPATH\Controllers\Barangkeluar.php on line 18.
 1 APPPATH\Controllers\Barangkeluar.php(18): substr(null, -4)
 2 APPPATH\Controllers\Barangkeluar.php(31): App\Controllers\Barangkeluar->buatFaktur()
 3 SYSTEMPATH\CodeIgniter.php(932): App\Controllers\Barangkeluar->input()
 4 SYSTEMPATH\CodeIgniter.php(497): CodeIgniter\CodeIgniter->runController(Object(App\Controllers\Barangkeluar))
 5 SYSTEMPATH\CodeIgniter.php(366): CodeIgniter\CodeIgniter->handleRequest(null, Object(Config\Cache), false)
 6 FCPATH\index.php(67): CodeIgniter\CodeIgniter->run()
 7 SYSTEMPATH\Commands\Server\rewrite.php(47): require_once('C:\\aplikasiskripsi\\SIPEBAR\\public\\index.php')
WARNING - 2023-09-05 09:56:43 --> [DEPRECATED] substr(): Passing null to parameter #1 ($string) of type string is deprecated in APPPATH\Controllers\Barangkeluar.php on line 18.
 1 APPPATH\Controllers\Barangkeluar.php(18): substr(null, -4)
 2 APPPATH\Controllers\Barangkeluar.php(31): App\Controllers\Barangkeluar->buatFaktur()
 3 SYSTEMPATH\CodeIgniter.php(932): App\Controllers\Barangkeluar->input()
 4 SYSTEMPATH\CodeIgniter.php(497): CodeIgniter\CodeIgniter->runController(Object(App\Controllers\Barangkeluar))
 5 SYSTEMPATH\CodeIgniter.php(366): CodeIgniter\CodeIgniter->handleRequest(null, Object(Config\Cache), false)
 6 FCPATH\index.php(67): CodeIgniter\CodeIgniter->run()
 7 SYSTEMPATH\Commands\Server\rewrite.php(47): require_once('C:\\aplikasiskripsi\\SIPEBAR\\public\\index.php')
WARNING - 2023-09-05 09:56:46 --> [DEPRECATED] substr(): Passing null to parameter #1 ($string) of type string is deprecated in APPPATH\Controllers\Barangkeluar.php on line 18.
 1 APPPATH\Controllers\Barangkeluar.php(18): substr(null, -4)
 2 APPPATH\Controllers\Barangkeluar.php(31): App\Controllers\Barangkeluar->buatFaktur()
 3 SYSTEMPATH\CodeIgniter.php(932): App\Controllers\Barangkeluar->input()
 4 SYSTEMPATH\CodeIgniter.php(497): CodeIgniter\CodeIgniter->runController(Object(App\Controllers\Barangkeluar))
 5 SYSTEMPATH\CodeIgniter.php(366): CodeIgniter\CodeIgniter->handleRequest(null, Object(Config\Cache), false)
 6 FCPATH\index.php(67): CodeIgniter\CodeIgniter->run()
 7 SYSTEMPATH\Commands\Server\rewrite.php(47): require_once('C:\\aplikasiskripsi\\SIPEBAR\\public\\index.php')
WARNING - 2023-09-05 09:56:50 --> [DEPRECATED] substr(): Passing null to parameter #1 ($string) of type string is deprecated in APPPATH\Controllers\Barangkeluar.php on line 18.
 1 APPPATH\Controllers\Barangkeluar.php(18): substr(null, -4)
 2 APPPATH\Controllers\Barangkeluar.php(31): App\Controllers\Barangkeluar->buatFaktur()
 3 SYSTEMPATH\CodeIgniter.php(932): App\Controllers\Barangkeluar->input()
 4 SYSTEMPATH\CodeIgniter.php(497): CodeIgniter\CodeIgniter->runController(Object(App\Controllers\Barangkeluar))
 5 SYSTEMPATH\CodeIgniter.php(366): CodeIgniter\CodeIgniter->handleRequest(null, Object(Config\Cache), false)
 6 FCPATH\index.php(67): CodeIgniter\CodeIgniter->run()
 7 SYSTEMPATH\Commands\Server\rewrite.php(47): require_once('C:\\aplikasiskripsi\\SIPEBAR\\public\\index.php')
WARNING - 2023-09-05 09:58:15 --> [DEPRECATED] substr(): Passing null to parameter #1 ($string) of type string is deprecated in APPPATH\Controllers\Barangkeluar.php on line 18.
 1 APPPATH\Controllers\Barangkeluar.php(18): substr(null, -4)
 2 APPPATH\Controllers\Barangkeluar.php(31): App\Controllers\Barangkeluar->buatFaktur()
 3 SYSTEMPATH\CodeIgniter.php(932): App\Controllers\Barangkeluar->input()
 4 SYSTEMPATH\CodeIgniter.php(497): CodeIgniter\CodeIgniter->runController(Object(App\Controllers\Barangkeluar))
 5 SYSTEMPATH\CodeIgniter.php(366): CodeIgniter\CodeIgniter->handleRequest(null, Object(Config\Cache), false)
 6 FCPATH\index.php(67): CodeIgniter\CodeIgniter->run()
 7 SYSTEMPATH\Commands\Server\rewrite.php(47): require_once('C:\\aplikasiskripsi\\SIPEBAR\\public\\index.php')
WARNING - 2023-09-05 13:02:45 --> [DEPRECATED] substr(): Passing null to parameter #1 ($string) of type string is deprecated in APPPATH\Controllers\Barangkeluar.php on line 18.
 1 APPPATH\Controllers\Barangkeluar.php(18): substr(null, -4)
 2 APPPATH\Controllers\Barangkeluar.php(31): App\Controllers\Barangkeluar->buatFaktur()
 3 SYSTEMPATH\CodeIgniter.php(932): App\Controllers\Barangkeluar->input()
 4 SYSTEMPATH\CodeIgniter.php(497): CodeIgniter\CodeIgniter->runController(Object(App\Controllers\Barangkeluar))
 5 SYSTEMPATH\CodeIgniter.php(366): CodeIgniter\CodeIgniter->handleRequest(null, Object(Config\Cache), false)
 6 FCPATH\index.php(67): CodeIgniter\CodeIgniter->run()
 7 SYSTEMPATH\Commands\Server\rewrite.php(47): require_once('C:\\aplikasiskripsi\\SIPEBAR\\public\\index.php')
WARNING - 2023-09-05 13:04:26 --> [DEPRECATED] substr(): Passing null to parameter #1 ($string) of type string is deprecated in APPPATH\Controllers\Barangkeluar.php on line 18.
 1 APPPATH\Controllers\Barangkeluar.php(18): substr(null, -4)
 2 APPPATH\Controllers\Barangkeluar.php(31): App\Controllers\Barangkeluar->buatFaktur()
 3 SYSTEMPATH\CodeIgniter.php(932): App\Controllers\Barangkeluar->input()
 4 SYSTEMPATH\CodeIgniter.php(497): CodeIgniter\CodeIgniter->runController(Object(App\Controllers\Barangkeluar))
 5 SYSTEMPATH\CodeIgniter.php(366): CodeIgniter\CodeIgniter->handleRequest(null, Object(Config\Cache), false)
 6 FCPATH\index.php(67): CodeIgniter\CodeIgniter->run()
 7 SYSTEMPATH\Commands\Server\rewrite.php(47): require_once('C:\\aplikasiskripsi\\SIPEBAR\\public\\index.php')
CRITICAL - 2023-09-05 13:06:26 --> Undefined array key "nofaktur"
in APPPATH\Controllers\Barangkeluar.php on line 16.
 1 APPPATH\Controllers\Barangkeluar.php(16): CodeIgniter\Debug\Exceptions->errorHandler(2, 'Undefined array key "nofaktur"', 'C:\\aplikasiskripsi\\SIPEBAR\\app\\Controllers\\Barangkeluar.php', 16)
 2 APPPATH\Controllers\Barangkeluar.php(31): App\Controllers\Barangkeluar->buatFaktur()
 3 SYSTEMPATH\CodeIgniter.php(932): App\Controllers\Barangkeluar->input()
 4 SYSTEMPATH\CodeIgniter.php(497): CodeIgniter\CodeIgniter->runController(Object(App\Controllers\Barangkeluar))
 5 SYSTEMPATH\CodeIgniter.php(366): CodeIgniter\CodeIgniter->handleRequest(null, Object(Config\Cache), false)
 6 FCPATH\index.php(67): CodeIgniter\CodeIgniter->run()
 7 SYSTEMPATH\Commands\Server\rewrite.php(47): require_once('C:\\aplikasiskripsi\\SIPEBAR\\public\\index.php')
WARNING - 2023-09-05 13:06:37 --> [DEPRECATED] substr(): Passing null to parameter #1 ($string) of type string is deprecated in APPPATH\Controllers\Barangkeluar.php on line 18.
 1 APPPATH\Controllers\Barangkeluar.php(18): substr(null, -4)
 2 APPPATH\Controllers\Barangkeluar.php(31): App\Controllers\Barangkeluar->buatFaktur()
 3 SYSTEMPATH\CodeIgniter.php(932): App\Controllers\Barangkeluar->input()
 4 SYSTEMPATH\CodeIgniter.php(497): CodeIgniter\CodeIgniter->runController(Object(App\Controllers\Barangkeluar))
 5 SYSTEMPATH\CodeIgniter.php(366): CodeIgniter\CodeIgniter->handleRequest(null, Object(Config\Cache), false)
 6 FCPATH\index.php(67): CodeIgniter\CodeIgniter->run()
 7 SYSTEMPATH\Commands\Server\rewrite.php(47): require_once('C:\\aplikasiskripsi\\SIPEBAR\\public\\index.php')
WARNING - 2023-09-05 13:13:17 --> [DEPRECATED] substr(): Passing null to parameter #1 ($string) of type string is deprecated in APPPATH\Controllers\Barangkeluar.php on line 18.
 1 APPPATH\Controllers\Barangkeluar.php(18): substr(null, -4)
 2 APPPATH\Controllers\Barangkeluar.php(31): App\Controllers\Barangkeluar->buatFaktur()
 3 SYSTEMPATH\CodeIgniter.php(932): App\Controllers\Barangkeluar->input()
 4 SYSTEMPATH\CodeIgniter.php(497): CodeIgniter\CodeIgniter->runController(Object(App\Controllers\Barangkeluar))
 5 SYSTEMPATH\CodeIgniter.php(366): CodeIgniter\CodeIgniter->handleRequest(null, Object(Config\Cache), false)
 6 FCPATH\index.php(67): CodeIgniter\CodeIgniter->run()
 7 SYSTEMPATH\Commands\Server\rewrite.php(47): require_once('C:\\aplikasiskripsi\\SIPEBAR\\public\\index.php')
WARNING - 2023-09-05 20:14:53 --> [DEPRECATED] substr(): Passing null to parameter #1 ($string) of type string is deprecated in APPPATH\Controllers\Barangkeluar.php on line 18.
 1 APPPATH\Controllers\Barangkeluar.php(18): substr(null, -4)
 2 APPPATH\Controllers\Barangkeluar.php(31): App\Controllers\Barangkeluar->buatFaktur()
 3 SYSTEMPATH\CodeIgniter.php(932): App\Controllers\Barangkeluar->input()
 4 SYSTEMPATH\CodeIgniter.php(497): CodeIgniter\CodeIgniter->runController(Object(App\Controllers\Barangkeluar))
 5 SYSTEMPATH\CodeIgniter.php(366): CodeIgniter\CodeIgniter->handleRequest(null, Object(Config\Cache), false)
 6 FCPATH\index.php(67): CodeIgniter\CodeIgniter->run()
 7 SYSTEMPATH\Commands\Server\rewrite.php(47): require_once('C:\\aplikasiskripsi\\SIPEBAR\\public\\index.php')
WARNING - 2023-09-05 20:16:10 --> [DEPRECATED] substr(): Passing null to parameter #1 ($string) of type string is deprecated in APPPATH\Controllers\Barangkeluar.php on line 18.
 1 APPPATH\Controllers\Barangkeluar.php(18): substr(null, -4)
 2 APPPATH\Controllers\Barangkeluar.php(31): App\Controllers\Barangkeluar->buatFaktur()
 3 SYSTEMPATH\CodeIgniter.php(932): App\Controllers\Barangkeluar->input()
 4 SYSTEMPATH\CodeIgniter.php(497): CodeIgniter\CodeIgniter->runController(Object(App\Controllers\Barangkeluar))
 5 SYSTEMPATH\CodeIgniter.php(366): CodeIgniter\CodeIgniter->handleRequest(null, Object(Config\Cache), false)
 6 FCPATH\index.php(67): CodeIgniter\CodeIgniter->run()
 7 SYSTEMPATH\Commands\Server\rewrite.php(47): require_once('C:\\aplikasiskripsi\\SIPEBAR\\public\\index.php')
WARNING - 2023-09-05 20:30:56 --> [DEPRECATED] substr(): Passing null to parameter #1 ($string) of type string is deprecated in APPPATH\Controllers\Barangkeluar.php on line 18.
 1 APPPATH\Controllers\Barangkeluar.php(18): substr(null, -4)
 2 APPPATH\Controllers\Barangkeluar.php(48): App\Controllers\Barangkeluar->buatFaktur()
 3 SYSTEMPATH\CodeIgniter.php(932): App\Controllers\Barangkeluar->input()
 4 SYSTEMPATH\CodeIgniter.php(497): CodeIgniter\CodeIgniter->runController(Object(App\Controllers\Barangkeluar))
 5 SYSTEMPATH\CodeIgniter.php(366): CodeIgniter\CodeIgniter->handleRequest(null, Object(Config\Cache), false)
 6 FCPATH\index.php(67): CodeIgniter\CodeIgniter->run()
 7 SYSTEMPATH\Commands\Server\rewrite.php(47): require_once('C:\\aplikasiskripsi\\SIPEBAR\\public\\index.php')
WARNING - 2023-09-05 20:32:31 --> [DEPRECATED] substr(): Passing null to parameter #1 ($string) of type string is deprecated in APPPATH\Controllers\Barangkeluar.php on line 18.
 1 APPPATH\Controllers\Barangkeluar.php(18): substr(null, -4)
 2 APPPATH\Controllers\Barangkeluar.php(48): App\Controllers\Barangkeluar->buatFaktur()
 3 SYSTEMPATH\CodeIgniter.php(932): App\Controllers\Barangkeluar->input()
 4 SYSTEMPATH\CodeIgniter.php(497): CodeIgniter\CodeIgniter->runController(Object(App\Controllers\Barangkeluar))
 5 SYSTEMPATH\CodeIgniter.php(366): CodeIgniter\CodeIgniter->handleRequest(null, Object(Config\Cache), false)
 6 FCPATH\index.php(67): CodeIgniter\CodeIgniter->run()
 7 SYSTEMPATH\Commands\Server\rewrite.php(47): require_once('C:\\aplikasiskripsi\\SIPEBAR\\public\\index.php')
WARNING - 2023-09-05 20:32:54 --> [DEPRECATED] substr(): Passing null to parameter #1 ($string) of type string is deprecated in APPPATH\Controllers\Barangkeluar.php on line 18.
 1 APPPATH\Controllers\Barangkeluar.php(18): substr(null, -4)
 2 APPPATH\Controllers\Barangkeluar.php(48): App\Controllers\Barangkeluar->buatFaktur()
 3 SYSTEMPATH\CodeIgniter.php(932): App\Controllers\Barangkeluar->input()
 4 SYSTEMPATH\CodeIgniter.php(497): CodeIgniter\CodeIgniter->runController(Object(App\Controllers\Barangkeluar))
 5 SYSTEMPATH\CodeIgniter.php(366): CodeIgniter\CodeIgniter->handleRequest(null, Object(Config\Cache), false)
 6 FCPATH\index.php(67): CodeIgniter\CodeIgniter->run()
 7 SYSTEMPATH\Commands\Server\rewrite.php(47): require_once('C:\\aplikasiskripsi\\SIPEBAR\\public\\index.php')
WARNING - 2023-09-05 20:33:15 --> [DEPRECATED] substr(): Passing null to parameter #1 ($string) of type string is deprecated in APPPATH\Controllers\Barangkeluar.php on line 18.
 1 APPPATH\Controllers\Barangkeluar.php(18): substr(null, -4)
 2 APPPATH\Controllers\Barangkeluar.php(48): App\Controllers\Barangkeluar->buatFaktur()
 3 SYSTEMPATH\CodeIgniter.php(932): App\Controllers\Barangkeluar->input()
 4 SYSTEMPATH\CodeIgniter.php(497): CodeIgniter\CodeIgniter->runController(Object(App\Controllers\Barangkeluar))
 5 SYSTEMPATH\CodeIgniter.php(366): CodeIgniter\CodeIgniter->handleRequest(null, Object(Config\Cache), false)
 6 FCPATH\index.php(67): CodeIgniter\CodeIgniter->run()
 7 SYSTEMPATH\Commands\Server\rewrite.php(47): require_once('C:\\aplikasiskripsi\\SIPEBAR\\public\\index.php')
WARNING - 2023-09-05 20:33:50 --> [DEPRECATED] substr(): Passing null to parameter #1 ($string) of type string is deprecated in APPPATH\Controllers\Barangkeluar.php on line 18.
 1 APPPATH\Controllers\Barangkeluar.php(18): substr(null, -4)
 2 APPPATH\Controllers\Barangkeluar.php(48): App\Controllers\Barangkeluar->buatFaktur()
 3 SYSTEMPATH\CodeIgniter.php(932): App\Controllers\Barangkeluar->input()
 4 SYSTEMPATH\CodeIgniter.php(497): CodeIgniter\CodeIgniter->runController(Object(App\Controllers\Barangkeluar))
 5 SYSTEMPATH\CodeIgniter.php(366): CodeIgniter\CodeIgniter->handleRequest(null, Object(Config\Cache), false)
 6 FCPATH\index.php(67): CodeIgniter\CodeIgniter->run()
 7 SYSTEMPATH\Commands\Server\rewrite.php(47): require_once('C:\\aplikasiskripsi\\SIPEBAR\\public\\index.php')
WARNING - 2023-09-05 20:33:58 --> [DEPRECATED] substr(): Passing null to parameter #1 ($string) of type string is deprecated in APPPATH\Controllers\Barangkeluar.php on line 30.
 1 APPPATH\Controllers\Barangkeluar.php(30): substr(null, -4)
 2 SYSTEMPATH\CodeIgniter.php(932): App\Controllers\Barangkeluar->buatNoFaktur()
 3 SYSTEMPATH\CodeIgniter.php(497): CodeIgniter\CodeIgniter->runController(Object(App\Controllers\Barangkeluar))
 4 SYSTEMPATH\CodeIgniter.php(366): CodeIgniter\CodeIgniter->handleRequest(null, Object(Config\Cache), false)
 5 FCPATH\index.php(67): CodeIgniter\CodeIgniter->run()
 6 SYSTEMPATH\Commands\Server\rewrite.php(47): require_once('C:\\aplikasiskripsi\\SIPEBAR\\public\\index.php')
WARNING - 2023-09-05 20:34:01 --> [DEPRECATED] substr(): Passing null to parameter #1 ($string) of type string is deprecated in APPPATH\Controllers\Barangkeluar.php on line 30.
 1 APPPATH\Controllers\Barangkeluar.php(30): substr(null, -4)
 2 SYSTEMPATH\CodeIgniter.php(932): App\Controllers\Barangkeluar->buatNoFaktur()
 3 SYSTEMPATH\CodeIgniter.php(497): CodeIgniter\CodeIgniter->runController(Object(App\Controllers\Barangkeluar))
 4 SYSTEMPATH\CodeIgniter.php(366): CodeIgniter\CodeIgniter->handleRequest(null, Object(Config\Cache), false)
 5 FCPATH\index.php(67): CodeIgniter\CodeIgniter->run()
 6 SYSTEMPATH\Commands\Server\rewrite.php(47): require_once('C:\\aplikasiskripsi\\SIPEBAR\\public\\index.php')
WARNING - 2023-09-05 21:03:37 --> [DEPRECATED] substr(): Passing null to parameter #1 ($string) of type string is deprecated in APPPATH\Controllers\Barangkeluar.php on line 18.
 1 APPPATH\Controllers\Barangkeluar.php(18): substr(null, -4)
 2 APPPATH\Controllers\Barangkeluar.php(48): App\Controllers\Barangkeluar->buatFaktur()
 3 SYSTEMPATH\CodeIgniter.php(932): App\Controllers\Barangkeluar->input()
 4 SYSTEMPATH\CodeIgniter.php(497): CodeIgniter\CodeIgniter->runController(Object(App\Controllers\Barangkeluar))
 5 SYSTEMPATH\CodeIgniter.php(366): CodeIgniter\CodeIgniter->handleRequest(null, Object(Config\Cache), false)
 6 FCPATH\index.php(67): CodeIgniter\CodeIgniter->run()
 7 SYSTEMPATH\Commands\Server\rewrite.php(47): require_once('C:\\aplikasiskripsi\\SIPEBAR\\public\\index.php')
WARNING - 2023-09-05 21:24:06 --> [DEPRECATED] Creation of dynamic property App\Controllers\Barang::$barang is deprecated in APPPATH\Controllers\Barang.php on line 13.
 1 SYSTEMPATH\CodeIgniter.php(904): App\Controllers\Barang->__construct()
 2 SYSTEMPATH\CodeIgniter.php(488): CodeIgniter\CodeIgniter->createController()
 3 SYSTEMPATH\CodeIgniter.php(366): CodeIgniter\CodeIgniter->handleRequest(null, Object(Config\Cache), false)
 4 FCPATH\index.php(67): CodeIgniter\CodeIgniter->run()
 5 SYSTEMPATH\Commands\Server\rewrite.php(47): require_once('C:\\Users\\kirah\\Music\\SIPEBAR\\public\\index.php')
INFO - 2023-09-05 21:24:06 --> Session: Class initialized using 'CodeIgniter\Session\Handlers\FileHandler' driver.
WARNING - 2023-09-05 21:24:10 --> [DEPRECATED] substr(): Passing null to parameter #1 ($string) of type string is deprecated in APPPATH\Controllers\Barangkeluar.php on line 18.
 1 APPPATH\Controllers\Barangkeluar.php(18): substr(null, -4)
 2 APPPATH\Controllers\Barangkeluar.php(48): App\Controllers\Barangkeluar->buatFaktur()
 3 SYSTEMPATH\CodeIgniter.php(932): App\Controllers\Barangkeluar->input()
 4 SYSTEMPATH\CodeIgniter.php(497): CodeIgniter\CodeIgniter->runController(Object(App\Controllers\Barangkeluar))
 5 SYSTEMPATH\CodeIgniter.php(366): CodeIgniter\CodeIgniter->handleRequest(null, Object(Config\Cache), false)
 6 FCPATH\index.php(67): CodeIgniter\CodeIgniter->run()
 7 SYSTEMPATH\Commands\Server\rewrite.php(47): require_once('C:\\Users\\kirah\\Music\\SIPEBAR\\public\\index.php')
WARNING - 2023-09-05 21:24:15 --> [DEPRECATED] substr(): Passing null to parameter #1 ($string) of type string is deprecated in APPPATH\Controllers\Barangkeluar.php on line 30.
 1 APPPATH\Controllers\Barangkeluar.php(30): substr(null, -4)
 2 SYSTEMPATH\CodeIgniter.php(932): App\Controllers\Barangkeluar->buatNoFaktur()
 3 SYSTEMPATH\CodeIgniter.php(497): CodeIgniter\CodeIgniter->runController(Object(App\Controllers\Barangkeluar))
 4 SYSTEMPATH\CodeIgniter.php(366): CodeIgniter\CodeIgniter->handleRequest(null, Object(Config\Cache), false)
 5 FCPATH\index.php(67): CodeIgniter\CodeIgniter->run()
 6 SYSTEMPATH\Commands\Server\rewrite.php(47): require_once('C:\\Users\\kirah\\Music\\SIPEBAR\\public\\index.php')
WARNING - 2023-09-05 21:31:01 --> [DEPRECATED] substr(): Passing null to parameter #1 ($string) of type string is deprecated in APPPATH\Controllers\Barangkeluar.php on line 18.
 1 APPPATH\Controllers\Barangkeluar.php(18): substr(null, -4)
 2 APPPATH\Controllers\Barangkeluar.php(48): App\Controllers\Barangkeluar->buatFaktur()
 3 SYSTEMPATH\CodeIgniter.php(932): App\Controllers\Barangkeluar->input()
 4 SYSTEMPATH\CodeIgniter.php(497): CodeIgniter\CodeIgniter->runController(Object(App\Controllers\Barangkeluar))
 5 SYSTEMPATH\CodeIgniter.php(366): CodeIgniter\CodeIgniter->handleRequest(null, Object(Config\Cache), false)
 6 FCPATH\index.php(67): CodeIgniter\CodeIgniter->run()
 7 SYSTEMPATH\Commands\Server\rewrite.php(47): require_once('C:\\Users\\kirah\\Music\\SIPEBAR\\public\\index.php')
WARNING - 2023-09-05 21:34:01 --> [DEPRECATED] substr(): Passing null to parameter #1 ($string) of type string is deprecated in APPPATH\Controllers\Barangkeluar.php on line 18.
 1 APPPATH\Controllers\Barangkeluar.php(18): substr(null, -4)
 2 APPPATH\Controllers\Barangkeluar.php(48): App\Controllers\Barangkeluar->buatFaktur()
 3 SYSTEMPATH\CodeIgniter.php(932): App\Controllers\Barangkeluar->input()
 4 SYSTEMPATH\CodeIgniter.php(497): CodeIgniter\CodeIgniter->runController(Object(App\Controllers\Barangkeluar))
 5 SYSTEMPATH\CodeIgniter.php(366): CodeIgniter\CodeIgniter->handleRequest(null, Object(Config\Cache), false)
 6 FCPATH\index.php(67): CodeIgniter\CodeIgniter->run()
 7 SYSTEMPATH\Commands\Server\rewrite.php(47): require_once('C:\\Users\\kirah\\Music\\SIPEBAR\\public\\index.php')
WARNING - 2023-09-05 21:50:37 --> [DEPRECATED] substr(): Passing null to parameter #1 ($string) of type string is deprecated in APPPATH\Controllers\Barangkeluar.php on line 18.
 1 APPPATH\Controllers\Barangkeluar.php(18): substr(null, -4)
 2 APPPATH\Controllers\Barangkeluar.php(48): App\Controllers\Barangkeluar->buatFaktur()
 3 SYSTEMPATH\CodeIgniter.php(932): App\Controllers\Barangkeluar->input()
 4 SYSTEMPATH\CodeIgniter.php(497): CodeIgniter\CodeIgniter->runController(Object(App\Controllers\Barangkeluar))
 5 SYSTEMPATH\CodeIgniter.php(366): CodeIgniter\CodeIgniter->handleRequest(null, Object(Config\Cache), false)
 6 FCPATH\index.php(67): CodeIgniter\CodeIgniter->run()
 7 SYSTEMPATH\Commands\Server\rewrite.php(47): require_once('C:\\Users\\kirah\\Music\\SIPEBAR\\public\\index.php')
WARNING - 2023-09-05 21:50:45 --> [DEPRECATED] substr(): Passing null to parameter #1 ($string) of type string is deprecated in APPPATH\Controllers\Barangkeluar.php on line 18.
 1 APPPATH\Controllers\Barangkeluar.php(18): substr(null, -4)
 2 APPPATH\Controllers\Barangkeluar.php(48): App\Controllers\Barangkeluar->buatFaktur()
 3 SYSTEMPATH\CodeIgniter.php(932): App\Controllers\Barangkeluar->input()
 4 SYSTEMPATH\CodeIgniter.php(497): CodeIgniter\CodeIgniter->runController(Object(App\Controllers\Barangkeluar))
 5 SYSTEMPATH\CodeIgniter.php(366): CodeIgniter\CodeIgniter->handleRequest(null, Object(Config\Cache), false)
 6 FCPATH\index.php(67): CodeIgniter\CodeIgniter->run()
 7 SYSTEMPATH\Commands\Server\rewrite.php(47): require_once('C:\\Users\\kirah\\Music\\SIPEBAR\\public\\index.php')
WARNING - 2023-09-05 21:50:52 --> [DEPRECATED] substr(): Passing null to parameter #1 ($string) of type string is deprecated in APPPATH\Controllers\Barangkeluar.php on line 18.
 1 APPPATH\Controllers\Barangkeluar.php(18): substr(null, -4)
 2 APPPATH\Controllers\Barangkeluar.php(48): App\Controllers\Barangkeluar->buatFaktur()
 3 SYSTEMPATH\CodeIgniter.php(932): App\Controllers\Barangkeluar->input()
 4 SYSTEMPATH\CodeIgniter.php(497): CodeIgniter\CodeIgniter->runController(Object(App\Controllers\Barangkeluar))
 5 SYSTEMPATH\CodeIgniter.php(366): CodeIgniter\CodeIgniter->handleRequest(null, Object(Config\Cache), false)
 6 FCPATH\index.php(67): CodeIgniter\CodeIgniter->run()
 7 SYSTEMPATH\Commands\Server\rewrite.php(47): require_once('C:\\Users\\kirah\\Music\\SIPEBAR\\public\\index.php')
WARNING - 2023-09-05 21:51:39 --> [DEPRECATED] substr(): Passing null to parameter #1 ($string) of type string is deprecated in APPPATH\Controllers\Barangkeluar.php on line 18.
 1 APPPATH\Controllers\Barangkeluar.php(18): substr(null, -4)
 2 APPPATH\Controllers\Barangkeluar.php(48): App\Controllers\Barangkeluar->buatFaktur()
 3 SYSTEMPATH\CodeIgniter.php(932): App\Controllers\Barangkeluar->input()
 4 SYSTEMPATH\CodeIgniter.php(497): CodeIgniter\CodeIgniter->runController(Object(App\Controllers\Barangkeluar))
 5 SYSTEMPATH\CodeIgniter.php(366): CodeIgniter\CodeIgniter->handleRequest(null, Object(Config\Cache), false)
 6 FCPATH\index.php(67): CodeIgniter\CodeIgniter->run()
 7 SYSTEMPATH\Commands\Server\rewrite.php(47): require_once('C:\\Users\\kirah\\Music\\SIPEBAR\\public\\index.php')
WARNING - 2023-09-05 21:54:00 --> [DEPRECATED] substr(): Passing null to parameter #1 ($string) of type string is deprecated in APPPATH\Controllers\Barangkeluar.php on line 18.
 1 APPPATH\Controllers\Barangkeluar.php(18): substr(null, -4)
 2 APPPATH\Controllers\Barangkeluar.php(48): App\Controllers\Barangkeluar->buatFaktur()
 3 SYSTEMPATH\CodeIgniter.php(932): App\Controllers\Barangkeluar->input()
 4 SYSTEMPATH\CodeIgniter.php(497): CodeIgniter\CodeIgniter->runController(Object(App\Controllers\Barangkeluar))
 5 SYSTEMPATH\CodeIgniter.php(366): CodeIgniter\CodeIgniter->handleRequest(null, Object(Config\Cache), false)
 6 FCPATH\index.php(67): CodeIgniter\CodeIgniter->run()
 7 SYSTEMPATH\Commands\Server\rewrite.php(47): require_once('C:\\Users\\kirah\\Music\\SIPEBAR\\public\\index.php')
WARNING - 2023-09-05 21:54:14 --> [DEPRECATED] substr(): Passing null to parameter #1 ($string) of type string is deprecated in APPPATH\Controllers\Barangkeluar.php on line 18.
 1 APPPATH\Controllers\Barangkeluar.php(18): substr(null, -4)
 2 APPPATH\Controllers\Barangkeluar.php(48): App\Controllers\Barangkeluar->buatFaktur()
 3 SYSTEMPATH\CodeIgniter.php(932): App\Controllers\Barangkeluar->input()
 4 SYSTEMPATH\CodeIgniter.php(497): CodeIgniter\CodeIgniter->runController(Object(App\Controllers\Barangkeluar))
 5 SYSTEMPATH\CodeIgniter.php(366): CodeIgniter\CodeIgniter->handleRequest(null, Object(Config\Cache), false)
 6 FCPATH\index.php(67): CodeIgniter\CodeIgniter->run()
 7 SYSTEMPATH\Commands\Server\rewrite.php(47): require_once('C:\\Users\\kirah\\Music\\SIPEBAR\\public\\index.php')
WARNING - 2023-09-05 21:57:31 --> [DEPRECATED] substr(): Passing null to parameter #1 ($string) of type string is deprecated in APPPATH\Controllers\Barangkeluar.php on line 18.
 1 APPPATH\Controllers\Barangkeluar.php(18): substr(null, -4)
 2 APPPATH\Controllers\Barangkeluar.php(48): App\Controllers\Barangkeluar->buatFaktur()
 3 SYSTEMPATH\CodeIgniter.php(932): App\Controllers\Barangkeluar->input()
 4 SYSTEMPATH\CodeIgniter.php(497): CodeIgniter\CodeIgniter->runController(Object(App\Controllers\Barangkeluar))
 5 SYSTEMPATH\CodeIgniter.php(366): CodeIgniter\CodeIgniter->handleRequest(null, Object(Config\Cache), false)
 6 FCPATH\index.php(67): CodeIgniter\CodeIgniter->run()
 7 SYSTEMPATH\Commands\Server\rewrite.php(47): require_once('C:\\Users\\kirah\\Music\\SIPEBAR\\public\\index.php')
WARNING - 2023-09-05 21:59:18 --> [DEPRECATED] substr(): Passing null to parameter #1 ($string) of type string is deprecated in APPPATH\Controllers\Barangkeluar.php on line 18.
 1 APPPATH\Controllers\Barangkeluar.php(18): substr(null, -4)
 2 APPPATH\Controllers\Barangkeluar.php(48): App\Controllers\Barangkeluar->buatFaktur()
 3 SYSTEMPATH\CodeIgniter.php(932): App\Controllers\Barangkeluar->input()
 4 SYSTEMPATH\CodeIgniter.php(497): CodeIgniter\CodeIgniter->runController(Object(App\Controllers\Barangkeluar))
 5 SYSTEMPATH\CodeIgniter.php(366): CodeIgniter\CodeIgniter->handleRequest(null, Object(Config\Cache), false)
 6 FCPATH\index.php(67): CodeIgniter\CodeIgniter->run()
 7 SYSTEMPATH\Commands\Server\rewrite.php(47): require_once('C:\\Users\\kirah\\Music\\SIPEBAR\\public\\index.php')
WARNING - 2023-09-05 21:59:23 --> [DEPRECATED] substr(): Passing null to parameter #1 ($string) of type string is deprecated in APPPATH\Controllers\Barangkeluar.php on line 18.
 1 APPPATH\Controllers\Barangkeluar.php(18): substr(null, -4)
 2 APPPATH\Controllers\Barangkeluar.php(48): App\Controllers\Barangkeluar->buatFaktur()
 3 SYSTEMPATH\CodeIgniter.php(932): App\Controllers\Barangkeluar->input()
 4 SYSTEMPATH\CodeIgniter.php(497): CodeIgniter\CodeIgniter->runController(Object(App\Controllers\Barangkeluar))
 5 SYSTEMPATH\CodeIgniter.php(366): CodeIgniter\CodeIgniter->handleRequest(null, Object(Config\Cache), false)
 6 FCPATH\index.php(67): CodeIgniter\CodeIgniter->run()
 7 SYSTEMPATH\Commands\Server\rewrite.php(47): require_once('C:\\Users\\kirah\\Music\\SIPEBAR\\public\\index.php')
WARNING - 2023-09-05 21:59:33 --> [DEPRECATED] substr(): Passing null to parameter #1 ($string) of type string is deprecated in APPPATH\Controllers\Barangkeluar.php on line 18.
 1 APPPATH\Controllers\Barangkeluar.php(18): substr(null, -4)
 2 APPPATH\Controllers\Barangkeluar.php(48): App\Controllers\Barangkeluar->buatFaktur()
 3 SYSTEMPATH\CodeIgniter.php(932): App\Controllers\Barangkeluar->input()
 4 SYSTEMPATH\CodeIgniter.php(497): CodeIgniter\CodeIgniter->runController(Object(App\Controllers\Barangkeluar))
 5 SYSTEMPATH\CodeIgniter.php(366): CodeIgniter\CodeIgniter->handleRequest(null, Object(Config\Cache), false)
 6 FCPATH\index.php(67): CodeIgniter\CodeIgniter->run()
 7 SYSTEMPATH\Commands\Server\rewrite.php(47): require_once('C:\\Users\\kirah\\Music\\SIPEBAR\\public\\index.php')
WARNING - 2023-09-05 22:34:51 --> [DEPRECATED] substr(): Passing null to parameter #1 ($string) of type string is deprecated in APPPATH\Controllers\Barangkeluar.php on line 18.
 1 APPPATH\Controllers\Barangkeluar.php(18): substr(null, -4)
 2 APPPATH\Controllers\Barangkeluar.php(48): App\Controllers\Barangkeluar->buatFaktur()
 3 SYSTEMPATH\CodeIgniter.php(932): App\Controllers\Barangkeluar->input()
 4 SYSTEMPATH\CodeIgniter.php(497): CodeIgniter\CodeIgniter->runController(Object(App\Controllers\Barangkeluar))
 5 SYSTEMPATH\CodeIgniter.php(366): CodeIgniter\CodeIgniter->handleRequest(null, Object(Config\Cache), false)
 6 FCPATH\index.php(67): CodeIgniter\CodeIgniter->run()
 7 SYSTEMPATH\Commands\Server\rewrite.php(47): require_once('C:\\Users\\kirah\\Music\\SIPEBAR\\public\\index.php')
WARNING - 2023-09-05 22:35:06 --> [DEPRECATED] substr(): Passing null to parameter #1 ($string) of type string is deprecated in APPPATH\Controllers\Barangkeluar.php on line 18.
 1 APPPATH\Controllers\Barangkeluar.php(18): substr(null, -4)
 2 APPPATH\Controllers\Barangkeluar.php(48): App\Controllers\Barangkeluar->buatFaktur()
 3 SYSTEMPATH\CodeIgniter.php(932): App\Controllers\Barangkeluar->input()
 4 SYSTEMPATH\CodeIgniter.php(497): CodeIgniter\CodeIgniter->runController(Object(App\Controllers\Barangkeluar))
 5 SYSTEMPATH\CodeIgniter.php(366): CodeIgniter\CodeIgniter->handleRequest(null, Object(Config\Cache), false)
 6 FCPATH\index.php(67): CodeIgniter\CodeIgniter->run()
 7 SYSTEMPATH\Commands\Server\rewrite.php(47): require_once('C:\\Users\\kirah\\Music\\SIPEBAR\\public\\index.php')
WARNING - 2023-09-05 22:36:57 --> [DEPRECATED] substr(): Passing null to parameter #1 ($string) of type string is deprecated in APPPATH\Controllers\Barangkeluar.php on line 18.
 1 APPPATH\Controllers\Barangkeluar.php(18): substr(null, -4)
 2 APPPATH\Controllers\Barangkeluar.php(48): App\Controllers\Barangkeluar->buatFaktur()
 3 SYSTEMPATH\CodeIgniter.php(932): App\Controllers\Barangkeluar->input()
 4 SYSTEMPATH\CodeIgniter.php(497): CodeIgniter\CodeIgniter->runController(Object(App\Controllers\Barangkeluar))
 5 SYSTEMPATH\CodeIgniter.php(366): CodeIgniter\CodeIgniter->handleRequest(null, Object(Config\Cache), false)
 6 FCPATH\index.php(67): CodeIgniter\CodeIgniter->run()
 7 SYSTEMPATH\Commands\Server\rewrite.php(47): require_once('C:\\Users\\kirah\\Music\\SIPEBAR\\public\\index.php')
CRITICAL - 2023-09-05 22:37:25 --> Undefined variable $json
in APPPATH\Controllers\Pelanggan.php on line 41.
 1 APPPATH\Controllers\Pelanggan.php(41): CodeIgniter\Debug\Exceptions->errorHandler(2, 'Undefined variable $json', 'C:\\Users\\kirah\\Music\\SIPEBAR\\app\\Controllers\\Pelanggan.php', 41)
 2 SYSTEMPATH\CodeIgniter.php(932): App\Controllers\Pelanggan->simpan()
 3 SYSTEMPATH\CodeIgniter.php(497): CodeIgniter\CodeIgniter->runController(Object(App\Controllers\Pelanggan))
 4 SYSTEMPATH\CodeIgniter.php(366): CodeIgniter\CodeIgniter->handleRequest(null, Object(Config\Cache), false)
 5 FCPATH\index.php(67): CodeIgniter\CodeIgniter->run()
 6 SYSTEMPATH\Commands\Server\rewrite.php(47): require_once('C:\\Users\\kirah\\Music\\SIPEBAR\\public\\index.php')
WARNING - 2023-09-05 22:47:10 --> [DEPRECATED] substr(): Passing null to parameter #1 ($string) of type string is deprecated in APPPATH\Controllers\Barangkeluar.php on line 18.
 1 APPPATH\Controllers\Barangkeluar.php(18): substr(null, -4)
 2 APPPATH\Controllers\Barangkeluar.php(48): App\Controllers\Barangkeluar->buatFaktur()
 3 SYSTEMPATH\CodeIgniter.php(932): App\Controllers\Barangkeluar->input()
 4 SYSTEMPATH\CodeIgniter.php(497): CodeIgniter\CodeIgniter->runController(Object(App\Controllers\Barangkeluar))
 5 SYSTEMPATH\CodeIgniter.php(366): CodeIgniter\CodeIgniter->handleRequest(null, Object(Config\Cache), false)
 6 FCPATH\index.php(67): CodeIgniter\CodeIgniter->run()
 7 SYSTEMPATH\Commands\Server\rewrite.php(47): require_once('C:\\Users\\kirah\\Music\\SIPEBAR\\public\\index.php')
CRITICAL - 2023-09-05 22:47:13 --> Undefined constant "App\Controllers\telp"
in APPPATH\Controllers\Pelanggan.php on line 44.
 1 SYSTEMPATH\CodeIgniter.php(932): App\Controllers\Pelanggan->simpan()
 2 SYSTEMPATH\CodeIgniter.php(497): CodeIgniter\CodeIgniter->runController(Object(App\Controllers\Pelanggan))
 3 SYSTEMPATH\CodeIgniter.php(366): CodeIgniter\CodeIgniter->handleRequest(null, Object(Config\Cache), false)
 4 FCPATH\index.php(67): CodeIgniter\CodeIgniter->run()
 5 SYSTEMPATH\Commands\Server\rewrite.php(47): require_once('C:\\Users\\kirah\\Music\\SIPEBAR\\public\\index.php')
WARNING - 2023-09-05 22:49:21 --> [DEPRECATED] substr(): Passing null to parameter #1 ($string) of type string is deprecated in APPPATH\Controllers\Barangkeluar.php on line 18.
 1 APPPATH\Controllers\Barangkeluar.php(18): substr(null, -4)
 2 APPPATH\Controllers\Barangkeluar.php(48): App\Controllers\Barangkeluar->buatFaktur()
 3 SYSTEMPATH\CodeIgniter.php(932): App\Controllers\Barangkeluar->input()
 4 SYSTEMPATH\CodeIgniter.php(497): CodeIgniter\CodeIgniter->runController(Object(App\Controllers\Barangkeluar))
 5 SYSTEMPATH\CodeIgniter.php(366): CodeIgniter\CodeIgniter->handleRequest(null, Object(Config\Cache), false)
 6 FCPATH\index.php(67): CodeIgniter\CodeIgniter->run()
 7 SYSTEMPATH\Commands\Server\rewrite.php(47): require_once('C:\\Users\\kirah\\Music\\SIPEBAR\\public\\index.php')
CRITICAL - 2023-09-05 22:49:24 --> Undefined constant "App\Controllers\telp"
in APPPATH\Controllers\Pelanggan.php on line 44.
 1 SYSTEMPATH\CodeIgniter.php(932): App\Controllers\Pelanggan->simpan()
 2 SYSTEMPATH\CodeIgniter.php(497): CodeIgniter\CodeIgniter->runController(Object(App\Controllers\Pelanggan))
 3 SYSTEMPATH\CodeIgniter.php(366): CodeIgniter\CodeIgniter->handleRequest(null, Object(Config\Cache), false)
 4 FCPATH\index.php(67): CodeIgniter\CodeIgniter->run()
 5 SYSTEMPATH\Commands\Server\rewrite.php(47): require_once('C:\\Users\\kirah\\Music\\SIPEBAR\\public\\index.php')
WARNING - 2023-09-05 22:49:32 --> [DEPRECATED] substr(): Passing null to parameter #1 ($string) of type string is deprecated in APPPATH\Controllers\Barangkeluar.php on line 18.
 1 APPPATH\Controllers\Barangkeluar.php(18): substr(null, -4)
 2 APPPATH\Controllers\Barangkeluar.php(48): App\Controllers\Barangkeluar->buatFaktur()
 3 SYSTEMPATH\CodeIgniter.php(932): App\Controllers\Barangkeluar->input()
 4 SYSTEMPATH\CodeIgniter.php(497): CodeIgniter\CodeIgniter->runController(Object(App\Controllers\Barangkeluar))
 5 SYSTEMPATH\CodeIgniter.php(366): CodeIgniter\CodeIgniter->handleRequest(null, Object(Config\Cache), false)
 6 FCPATH\index.php(67): CodeIgniter\CodeIgniter->run()
 7 SYSTEMPATH\Commands\Server\rewrite.php(47): require_once('C:\\Users\\kirah\\Music\\SIPEBAR\\public\\index.php')
CRITICAL - 2023-09-05 22:49:39 --> Undefined constant "App\Controllers\telp"
in APPPATH\Controllers\Pelanggan.php on line 44.
 1 SYSTEMPATH\CodeIgniter.php(932): App\Controllers\Pelanggan->simpan()
 2 SYSTEMPATH\CodeIgniter.php(497): CodeIgniter\CodeIgniter->runController(Object(App\Controllers\Pelanggan))
 3 SYSTEMPATH\CodeIgniter.php(366): CodeIgniter\CodeIgniter->handleRequest(null, Object(Config\Cache), false)
 4 FCPATH\index.php(67): CodeIgniter\CodeIgniter->run()
 5 SYSTEMPATH\Commands\Server\rewrite.php(47): require_once('C:\\Users\\kirah\\Music\\SIPEBAR\\public\\index.php')
WARNING - 2023-09-05 22:51:08 --> [DEPRECATED] substr(): Passing null to parameter #1 ($string) of type string is deprecated in APPPATH\Controllers\Barangkeluar.php on line 18.
 1 APPPATH\Controllers\Barangkeluar.php(18): substr(null, -4)
 2 APPPATH\Controllers\Barangkeluar.php(48): App\Controllers\Barangkeluar->buatFaktur()
 3 SYSTEMPATH\CodeIgniter.php(932): App\Controllers\Barangkeluar->input()
 4 SYSTEMPATH\CodeIgniter.php(497): CodeIgniter\CodeIgniter->runController(Object(App\Controllers\Barangkeluar))
 5 SYSTEMPATH\CodeIgniter.php(366): CodeIgniter\CodeIgniter->handleRequest(null, Object(Config\Cache), false)
 6 FCPATH\index.php(67): CodeIgniter\CodeIgniter->run()
 7 SYSTEMPATH\Commands\Server\rewrite.php(47): require_once('C:\\Users\\kirah\\Music\\SIPEBAR\\public\\index.php')
WARNING - 2023-09-05 22:53:25 --> [DEPRECATED] substr(): Passing null to parameter #1 ($string) of type string is deprecated in APPPATH\Controllers\Barangkeluar.php on line 18.
 1 APPPATH\Controllers\Barangkeluar.php(18): substr(null, -4)
 2 APPPATH\Controllers\Barangkeluar.php(48): App\Controllers\Barangkeluar->buatFaktur()
 3 SYSTEMPATH\CodeIgniter.php(932): App\Controllers\Barangkeluar->input()
 4 SYSTEMPATH\CodeIgniter.php(497): CodeIgniter\CodeIgniter->runController(Object(App\Controllers\Barangkeluar))
 5 SYSTEMPATH\CodeIgniter.php(366): CodeIgniter\CodeIgniter->handleRequest(null, Object(Config\Cache), false)
 6 FCPATH\index.php(67): CodeIgniter\CodeIgniter->run()
 7 SYSTEMPATH\Commands\Server\rewrite.php(47): require_once('C:\\Users\\kirah\\Music\\SIPEBAR\\public\\index.php')
WARNING - 2023-09-05 23:04:19 --> [DEPRECATED] substr(): Passing null to parameter #1 ($string) of type string is deprecated in APPPATH\Controllers\Barangkeluar.php on line 18.
 1 APPPATH\Controllers\Barangkeluar.php(18): substr(null, -4)
 2 APPPATH\Controllers\Barangkeluar.php(48): App\Controllers\Barangkeluar->buatFaktur()
 3 SYSTEMPATH\CodeIgniter.php(932): App\Controllers\Barangkeluar->input()
 4 SYSTEMPATH\CodeIgniter.php(497): CodeIgniter\CodeIgniter->runController(Object(App\Controllers\Barangkeluar))
 5 SYSTEMPATH\CodeIgniter.php(366): CodeIgniter\CodeIgniter->handleRequest(null, Object(Config\Cache), false)
 6 FCPATH\index.php(67): CodeIgniter\CodeIgniter->run()
 7 SYSTEMPATH\Commands\Server\rewrite.php(47): require_once('C:\\Users\\kirah\\Music\\SIPEBAR\\public\\index.php')
CRITICAL - 2023-09-05 23:04:24 --> Class "App\Controllers\ModelPelanggan" not found
in APPPATH\Controllers\Pelanggan.php on line 48.
 1 SYSTEMPATH\CodeIgniter.php(932): App\Controllers\Pelanggan->simpan()
 2 SYSTEMPATH\CodeIgniter.php(497): CodeIgniter\CodeIgniter->runController(Object(App\Controllers\Pelanggan))
 3 SYSTEMPATH\CodeIgniter.php(366): CodeIgniter\CodeIgniter->handleRequest(null, Object(Config\Cache), false)
 4 FCPATH\index.php(67): CodeIgniter\CodeIgniter->run()
 5 SYSTEMPATH\Commands\Server\rewrite.php(47): require_once('C:\\Users\\kirah\\Music\\SIPEBAR\\public\\index.php')
WARNING - 2023-09-05 23:05:06 --> [DEPRECATED] substr(): Passing null to parameter #1 ($string) of type string is deprecated in APPPATH\Controllers\Barangkeluar.php on line 18.
 1 APPPATH\Controllers\Barangkeluar.php(18): substr(null, -4)
 2 APPPATH\Controllers\Barangkeluar.php(48): App\Controllers\Barangkeluar->buatFaktur()
 3 SYSTEMPATH\CodeIgniter.php(932): App\Controllers\Barangkeluar->input()
 4 SYSTEMPATH\CodeIgniter.php(497): CodeIgniter\CodeIgniter->runController(Object(App\Controllers\Barangkeluar))
 5 SYSTEMPATH\CodeIgniter.php(366): CodeIgniter\CodeIgniter->handleRequest(null, Object(Config\Cache), false)
 6 FCPATH\index.php(67): CodeIgniter\CodeIgniter->run()
 7 SYSTEMPATH\Commands\Server\rewrite.php(47): require_once('C:\\Users\\kirah\\Music\\SIPEBAR\\public\\index.php')
CRITICAL - 2023-09-05 23:05:12 --> Class "App\Controllers\ModelPelanggan" not found
in APPPATH\Controllers\Pelanggan.php on line 48.
 1 SYSTEMPATH\CodeIgniter.php(932): App\Controllers\Pelanggan->simpan()
 2 SYSTEMPATH\CodeIgniter.php(497): CodeIgniter\CodeIgniter->runController(Object(App\Controllers\Pelanggan))
 3 SYSTEMPATH\CodeIgniter.php(366): CodeIgniter\CodeIgniter->handleRequest(null, Object(Config\Cache), false)
 4 FCPATH\index.php(67): CodeIgniter\CodeIgniter->run()
 5 SYSTEMPATH\Commands\Server\rewrite.php(47): require_once('C:\\Users\\kirah\\Music\\SIPEBAR\\public\\index.php')
WARNING - 2023-09-05 23:08:54 --> [DEPRECATED] substr(): Passing null to parameter #1 ($string) of type string is deprecated in APPPATH\Controllers\Barangkeluar.php on line 18.
 1 APPPATH\Controllers\Barangkeluar.php(18): substr(null, -4)
 2 APPPATH\Controllers\Barangkeluar.php(48): App\Controllers\Barangkeluar->buatFaktur()
 3 SYSTEMPATH\CodeIgniter.php(932): App\Controllers\Barangkeluar->input()
 4 SYSTEMPATH\CodeIgniter.php(497): CodeIgniter\CodeIgniter->runController(Object(App\Controllers\Barangkeluar))
 5 SYSTEMPATH\CodeIgniter.php(366): CodeIgniter\CodeIgniter->handleRequest(null, Object(Config\Cache), false)
 6 FCPATH\index.php(67): CodeIgniter\CodeIgniter->run()
 7 SYSTEMPATH\Commands\Server\rewrite.php(47): require_once('C:\\Users\\kirah\\Music\\SIPEBAR\\public\\index.php')
CRITICAL - 2023-09-05 23:08:58 --> Class "App\Controllers\ModelPelanggan" not found
in APPPATH\Controllers\Pelanggan.php on line 48.
 1 SYSTEMPATH\CodeIgniter.php(932): App\Controllers\Pelanggan->simpan()
 2 SYSTEMPATH\CodeIgniter.php(497): CodeIgniter\CodeIgniter->runController(Object(App\Controllers\Pelanggan))
 3 SYSTEMPATH\CodeIgniter.php(366): CodeIgniter\CodeIgniter->handleRequest(null, Object(Config\Cache), false)
 4 FCPATH\index.php(67): CodeIgniter\CodeIgniter->run()
 5 SYSTEMPATH\Commands\Server\rewrite.php(47): require_once('C:\\Users\\kirah\\Music\\SIPEBAR\\public\\index.php')
WARNING - 2023-09-05 23:09:31 --> [DEPRECATED] substr(): Passing null to parameter #1 ($string) of type string is deprecated in APPPATH\Controllers\Barangkeluar.php on line 18.
 1 APPPATH\Controllers\Barangkeluar.php(18): substr(null, -4)
 2 APPPATH\Controllers\Barangkeluar.php(48): App\Controllers\Barangkeluar->buatFaktur()
 3 SYSTEMPATH\CodeIgniter.php(932): App\Controllers\Barangkeluar->input()
 4 SYSTEMPATH\CodeIgniter.php(497): CodeIgniter\CodeIgniter->runController(Object(App\Controllers\Barangkeluar))
 5 SYSTEMPATH\CodeIgniter.php(366): CodeIgniter\CodeIgniter->handleRequest(null, Object(Config\Cache), false)
 6 FCPATH\index.php(67): CodeIgniter\CodeIgniter->run()
 7 SYSTEMPATH\Commands\Server\rewrite.php(47): require_once('C:\\Users\\kirah\\Music\\SIPEBAR\\public\\index.php')
CRITICAL - 2023-09-05 23:09:39 --> Class "App\Controllers\ModelPelanggan" not found
in APPPATH\Controllers\Pelanggan.php on line 48.
 1 SYSTEMPATH\CodeIgniter.php(932): App\Controllers\Pelanggan->simpan()
 2 SYSTEMPATH\CodeIgniter.php(497): CodeIgniter\CodeIgniter->runController(Object(App\Controllers\Pelanggan))
 3 SYSTEMPATH\CodeIgniter.php(366): CodeIgniter\CodeIgniter->handleRequest(null, Object(Config\Cache), false)
 4 FCPATH\index.php(67): CodeIgniter\CodeIgniter->run()
 5 SYSTEMPATH\Commands\Server\rewrite.php(47): require_once('C:\\Users\\kirah\\Music\\SIPEBAR\\public\\index.php')
WARNING - 2023-09-05 23:15:10 --> [DEPRECATED] substr(): Passing null to parameter #1 ($string) of type string is deprecated in APPPATH\Controllers\Barangkeluar.php on line 18.
 1 APPPATH\Controllers\Barangkeluar.php(18): substr(null, -4)
 2 APPPATH\Controllers\Barangkeluar.php(48): App\Controllers\Barangkeluar->buatFaktur()
 3 SYSTEMPATH\CodeIgniter.php(932): App\Controllers\Barangkeluar->input()
 4 SYSTEMPATH\CodeIgniter.php(497): CodeIgniter\CodeIgniter->runController(Object(App\Controllers\Barangkeluar))
 5 SYSTEMPATH\CodeIgniter.php(366): CodeIgniter\CodeIgniter->handleRequest(null, Object(Config\Cache), false)
 6 FCPATH\index.php(67): CodeIgniter\CodeIgniter->run()
 7 SYSTEMPATH\Commands\Server\rewrite.php(47): require_once('C:\\Users\\kirah\\Music\\SIPEBAR\\public\\index.php')
CRITICAL - 2023-09-05 23:15:15 --> Class "App\Controllers\Modelpelanggan" not found
in APPPATH\Controllers\Pelanggan.php on line 48.
 1 SYSTEMPATH\CodeIgniter.php(932): App\Controllers\Pelanggan->simpan()
 2 SYSTEMPATH\CodeIgniter.php(497): CodeIgniter\CodeIgniter->runController(Object(App\Controllers\Pelanggan))
 3 SYSTEMPATH\CodeIgniter.php(366): CodeIgniter\CodeIgniter->handleRequest(null, Object(Config\Cache), false)
 4 FCPATH\index.php(67): CodeIgniter\CodeIgniter->run()
 5 SYSTEMPATH\Commands\Server\rewrite.php(47): require_once('C:\\Users\\kirah\\Music\\SIPEBAR\\public\\index.php')
WARNING - 2023-09-05 23:26:17 --> [DEPRECATED] substr(): Passing null to parameter #1 ($string) of type string is deprecated in APPPATH\Controllers\Barangkeluar.php on line 18.
 1 APPPATH\Controllers\Barangkeluar.php(18): substr(null, -4)
 2 APPPATH\Controllers\Barangkeluar.php(48): App\Controllers\Barangkeluar->buatFaktur()
 3 SYSTEMPATH\CodeIgniter.php(932): App\Controllers\Barangkeluar->input()
 4 SYSTEMPATH\CodeIgniter.php(497): CodeIgniter\CodeIgniter->runController(Object(App\Controllers\Barangkeluar))
 5 SYSTEMPATH\CodeIgniter.php(366): CodeIgniter\CodeIgniter->handleRequest(null, Object(Config\Cache), false)
 6 FCPATH\index.php(67): CodeIgniter\CodeIgniter->run()
 7 SYSTEMPATH\Commands\Server\rewrite.php(47): require_once('C:\\Users\\kirah\\Music\\SIPEBAR\\public\\index.php')
CRITICAL - 2023-09-05 23:26:24 --> Class "App\Controllers\Modelpelanggan" not found
in APPPATH\Controllers\Pelanggan.php on line 48.
 1 SYSTEMPATH\CodeIgniter.php(932): App\Controllers\Pelanggan->simpan()
 2 SYSTEMPATH\CodeIgniter.php(497): CodeIgniter\CodeIgniter->runController(Object(App\Controllers\Pelanggan))
 3 SYSTEMPATH\CodeIgniter.php(366): CodeIgniter\CodeIgniter->handleRequest(null, Object(Config\Cache), false)
 4 FCPATH\index.php(67): CodeIgniter\CodeIgniter->run()
 5 SYSTEMPATH\Commands\Server\rewrite.php(47): require_once('C:\\Users\\kirah\\Music\\SIPEBAR\\public\\index.php')
